# Tree pruning with heuristic metrics.
# Version Beta 1.0 released on October 2021
# pare was developed by Jeffrey Good, Gregg Thomas
#
# The date and time at the start is: 12.04.2021 | 12:47:05
# Using Python version:              3.9.4
#
# The program was called as:         pare.py -t full_coding_iqtree_astral.cf.bl.nrf25.rooted.treefile -o min-spec-paring-astral-nrf25-exempt/ -i 30 -e astral-exempt-branches.txt -g 50
#
# -----------------------------------------------------------------------------------------------------------------------------
# INPUT/OUTPUT INFO:
# Tree input type:                      file
# Tree file                             full_coding_iqtree_astral.cf.bl.nrf25.rooted.treefile
# Output directory:                     min-spec-paring-astral-nrf25-exempt/
# Log file:                             min-spec-paring-astral-nrf25-exempt.log
# -----------------------------------------------------------------------------------------------------------------------------
# OPTIONS INFO:
# Option                                Current setting               Current action
# Branch length percentile (-b)         10                            Branches will be considered for paring each iteration if they fall below this percentile of all branch lengths.
# Lower gCF threshold (-g)              50                            Branches will be considered for paring each iteration if they have a gCF lower than this.
# Maximum iterations of paring (-i)     30                            The program will stop paring after this many iterations, regardless of other settings.
# Total maximum tips to prune (-s)      Unlimited                     The program will stop paring after this tips have been pruned, regardless of other settings.
# Maximum tips to prune per branch (-m) 10                            Branches selected to prune that have more than this many species descending will be retained.
# -e                                    astral-exempt-branches.txt    pare will exempt the branches listed in this file from pruning.
# --quiet                               False                         Time, memory, and status info will be printed to the screen while pare is running.
# -------------------------------------------------------------------------------------------------------------------------------------------------------------------------------
# Date        Time      Current step                  Status                                                      Elapsed time (s)    Step time (s)   Current mem usage (MB)   Virtual mem usage (MB)
# -------------------------------------------------------------------------------------------------------------------------------------------------------------------------------
# 12.04.2021  12:47:05  Reading input file            Success: file read                                          0.16485             0.00243         24.375                   5485.03906          
# 12.04.2021  12:47:06  Parsing input tree            Success: tree with 188 tips and 186 internal nodes read.    0.38286             0.21509         24.89062                 5485.28906          
# INFO: Original tree with node labels:	((Lophiomys_imhausi_UM5152,Lophuromys_woosnami_LSUMZ37793)<1>,(((Phloeomys_cumingi_FMNH198472,Phloeomys_pallidus_JEC43)<2>,((Carpomys_melanurus_FMNH198723,Musseromys_anacuao_FMNH209523)<3>,(Crateromys_heaneyi_KU165014,Batomys_russatus_KU165776)<4>)<5>)<6>,((((((((((rnor6,(Rattus_argentiventer_LSUMZ38199,Rattus_hoffmanni_LSUMZ39187)<7>)<8>,Rattus_exulans_sample1)<9>,(((Tarsomys_apoensis_KU167148,Limnomys_sibuanus_FMNH147948)<10>,(Rattus_xanthurus_LSUMZ39196,(((((Rattus_villosissimus_sample1,Rattus_colletti_RAT25)<11>,Rattus_tunneyi_RAT130)<12>,Rattus_lutreolus_sample2)<13>,(Rattus_leucopus_sample1,Rattus_praetor_sample1)<14>)<15>,Rattus_morotaiensis_ASAM29)<16>)<17>)<18>,Kadarsanomys_sodyi_MZB-Sample)<19>)<20>,(Nesokia_indica_ABTC117074,Bandicota_indica_ABTC119185)<21>)<22>,(((((((Genus_sp-nov_NMVZ21816,((Taeromys_celebensis_NMVZ20637,Paruromys_dominator_JAE4870)<23>,(Lenomys_meyeri_LSUMZ39079,Eropeplus_canus_NMVZ21733)<24>)<25>)<26>,((Taeromys_hamatus_NMVZ63317,Taeromys_taerae_LSUMZ39224)<27>,(Taeromys_punicans_MVZ225815,Taeromys_callitrichus_LSUMZ37153)<28>)<29>)<30>,((Bunomys_torajae_NMVZ21736,Bunomys_chrysocomus_JAE4867)<31>,Bunomys_andrewsi_sample1)<32>)<33>,Halmaheramys_bokimekot_33262-WD225)<34>,Papagomys_armandvillei_WAMM32592)<35>,Bullimus_bagobus_JAE1712)<36>,(Sundamys_annandalei_YS118,Sundamys_muelleri_JAE1283)<37>)<38>)<39>,(Berylmys_bowersi_ABTC116431,Berylmys_mackenziei_ABTC116402)<40>)<41>,(Saxatilomys_paulinae_ABTC116266,((((Niviventer_lepturus_JAE4746,(Niviventer_rapit_LSUMZ38196,Niviventer_bukit_LSUMZ38136)<42>)<43>,Anonymomys_mindorensis_FMNH2222010)<44>,Leopoldomys_sabanus_Z25191)<45>,(Margaretamys_parvus_NMVZ21833,Margaretamys_christinae_TMar1)<46>)<47>)<48>)<49>,(((Paucidentomys_vermidax_Z21914,Echiothrix_centrosa_Z27993)<50>,(Tateomys_rhinogradoides_Z21785,(Melasmothrix_naso_Z21808,Tateomys_macrocercus_Z21834)<51>)<52>)<53>,(((Gracilimus_radix_Z08508,Waiomys_mamasae_Z20624)<54>,Sommeromys_macrorhinos_Z21740)<55>,Hyorhinomys_stuempkei_JAE4661)<56>)<57>)<58>,(Maxomys_surifer_JAE3632,(Maxomys_musschenbroekii_sample1,(Crunomys_melanius_KU168558,Crunomys_celebensis_Z21894)<59>)<60>)<61>)<62>,((((((((((((Zyzomys_pedunculatus_Z34925,Zyzomys_woodwardi_WAMM21724)<63>,((Zyzomys_palatalis_ABTC30744,Zyzomys_argurus_ABTC61630)<64>,Zyzomys_maini_ABTC07900)<65>)<66>,(((((((Pseudomys_oralis_RAT7,(Pseudomys_shortridgei_Z25113,Pseudomys_desertor_ABTC41464)<67>)<68>,(((Pseudomys_higginsi_UC1421,(((Pseudomys_bolami_ABTC107389,Pseudomys_novaehollandiae_ABTC08140)<69>,Pseudomys_delicatulus_U1509)<70>,Pseudomys_hermannsburgensis_ABTC08067)<71>)<72>,Mastacomys_fuscus_M13957)<73>,Pseudomys_australis_M25541)<74>)<75>,(Pseudomys_nanus_U1448,Pseudomys_gracilicaudatus_ABTC08163)<76>)<77>,(Pseudomys_fumeus_ABTC08168,(Pseudomys_apodemoides_M16672,Pseudomys_albocinereus_WAMM18855)<78>)<79>)<80>,Pseudomys_occidentalis_ABTC08043)<81>,((((Pseudomys_patrius_JM10865,Pseudomys_johnsoni_ABTC08053)<82>,Pseudomys_chapmani_WAMM29440)<83>,Pseudomys_calabyi_U4324)<84>,((Notomys_mitchellii_M21518,(Notomys_fuscus_M22830,(Notomys_aquilo_M-32455,Notomys_alexis_U1308)<85>)<86>)<87>,Notomys_cervinus_M22857)<88>)<89>)<90>,(Leggadina_lakedownensis_WAMM21623,Leggadina_forresti_WAMM62323)<91>)<92>)<93>,(((Uromys_sp-nov_YS380,Uromys_caudimaculatus_DT10Uc01)<94>,(Solomys_salebrosus_ABTC64864,Melomys_rufescens_ABTC44798)<95>)<96>,(((Mesembriomys_macrurus_ABTC7337,Mesembriomys_gouldii_ABTC7449)<97>,(Conilurus_penicillatus_M14056,Conilurus_albipes_NMV-c7585)<98>)<99>,(Leporillus_conditor_ABTC13335,Leporillus_apicalis_C90)<100>)<101>)<102>)<103>,(((Paraleptomys_wilhelmina_H126-ABTC133716,(Mirzamys_louiseae_ABTC133754,Leptomys_elegans_ABTC45741)<104>)<105>,(Xeromys_myoides_ABTC30709,(Pseudohydromys_pumehanae_ABTC43920,Microhydromys_richardsoni_ANWCM35851)<106>)<107>)<108>,((Parahydromys_asper_ABTC45798,(Hydromys_sp-nov_YS391,Hydromys_chrysogaster_Z5248)<109>)<110>,Crossomys_moncktoni_ABTC46614)<111>)<112>)<113>,((Mallomys_rothschildi_ABTC47402,(Pogonomelomys_mayeri_AMM21849,Abeomelomys_sevia_KUM161018)<114>)<115>,(Xenuromys_barbatus_ABTC129204,Mammelomys_lanosus_ABTC47208)<116>)<117>)<118>,Coccymys_ruemmleri_ABTC49489)<119>,(((((Hyomys_goliath_ABTC42697,Pogonomys_macrourus_ABTC43144)<120>,Chiruromys_vates_ABTC43096)<121>,Macruromys_major_ABTC43909)<122>,Lorentzimys_nouhuysi_ABTC-46314)<123>,Anisomys_imitator_ABTC45107)<124>)<125>,((((Chrotomys_whiteheadi_KU168311,Chrotomys_mindorensis_JAE520)<126>,Rhynchomys_isarogensis_JAE2195)<127>,Archboldomys_luzonensis_EAR1826)<128>,Apomys_lubangensis_JAE169)<129>)<130>,Haeromys_minahassae_JAE4996)<131>,Chiropodomys_gliroides_Z25153)<132>,(((((Otomys_tropicalis_LSUMZ37841,Otomys_denti_LSUMZ37840)<133>,(((((((Lemniscomys_striatus_TCD4711,(Arvicanthus_niloticus_MNHN1999201,Arvicanthus_neumanni_FMNH158037)<134>)<135>,((Pelomys_minor_FMNH219213,Pelomys_isseli_FMNH137886)<136>,Mylomys_dybowskii_MNHN1997072)<137>)<138>,Rhabdomys_pumilio_MNHN1995065)<139>,(Dasymys_montanus_FMNH144389,Dasymys_incomtus_LSUMZ37702)<140>)<141>,(((Aethomys_hindei_MVZ196257,Aethomys_nyikae_FMNH196708)<142>,(((Thamnomys_venustus_LSUMZ37935,Thamnomys_kempi_TCD4437)<143>,Grammomys_dryas_LSUMZ37716)<144>,Thallomys_paedulcus_FMNH158089)<145>)<146>,Micaelemys_namaquensis_MNHN1987009)<147>)<148>,(((Stochomys_longicaudatus_MNHN1999459,Dephomys_defua_MNHNR24062)<149>,(Hybomys_univittatus_TCD4026,Hybomys_lunaris_LSUMZ37734)<150>)<151>,Hybomys_planifrons_R24117)<152>)<153>,Oenomys_hypoxanthus_LSUMZ37838)<154>)<155>,Pithecheir_melanurus_LSUMZ38198)<156>,Vandeleuria_oleracea_ABTC116404)<157>,((Malacomys_longipes_TCD4253,Apodemus_sylvaticus_SMG3823)<158>,(((((Myomyscus_verreauxii_MNHN1999102,(Zelotomys_woosnami_TTU-M115260,Colomys_goslingi_TCD4175)<159>)<160>,Mastomys_natalensis_T4162)<161>,(Praomys_jacksoni_REC31,Praomys_degraaffi_TCD4312)<162>)<163>,((Hylomyscus_stella_LSUMZ37742,Hylomyscus_vulcanorum_TCD4382)<164>,Heimyscus_fumosus_FMNH167810)<165>)<166>,(Mus_pahari_10460X1,((Mus_musculoides_LSUMZ37820,Mus_minutoides_10460X2)<167>,(Mus_platythrix_10460X13,(((Mus_cookii_10460X3,Mus_cervicolor_10460X10)<168>,Mus_caroli_10460X9)<169>,((Mus_spretus_10460X4,(Mus_spicilegus_10460X11,Mus_macedonicus_10460X12)<170>)<171>,(((Mus_musculus-reference_10460X5,Mus_musculus-musculus_10460X14)<172>,Mus_musculus-castaneus_10460X7)<173>,(mm10,Mus_musculus-domesticus_10460X15)<174>)<175>)<176>)<177>)<178>)<179>)<180>)<181>)<182>)<183>)<184>)<185>)<186>)<187>
# 12.04.2021  12:47:06  Reading exempt branches       Success: 15 branches will be exempt from paring.            0.40538             0.01715         24.89062                 5485.28906          
# --------------------------------------------------
# INFO: Branch <8> chosen for paring. Branch rnor6 chosen for pruning, but is exempt. Switching to sister branch.
# INFO: Branch <8> chosen for paring. Branch <7> will be pruned and remove 2 species
# INFO: Branch <12> chosen for paring. Branch Rattus_tunneyi_RAT130 will be pruned and remove 1 species
# INFO: Branch <13> chosen for paring. Branch Rattus_lutreolus_sample2 will be pruned and remove 1 species
# INFO: Branch <14> chosen for paring. Branch Rattus_leucopus_sample1 will be pruned and remove 1 species
# INFO: Branch <15> chosen for paring. Branch <14> chosen for pruning, but is exempt. Switching to sister branch.
# INFO: Branch <15> chosen for paring. Branch <13> will be pruned and remove 4 species
# INFO: Branch <19> chosen for paring. Branch Kadarsanomys_sodyi_MZB-Sample will be pruned and remove 1 species
# INFO: Branch <24> chosen for paring. Branch Lenomys_meyeri_LSUMZ39079 will be pruned and remove 1 species
# INFO: Branch <25> chosen for paring. Branch <23> will be pruned and remove 2 species
# INFO: Branch <26> chosen for paring. Branch Genus_sp-nov_NMVZ21816 will be pruned and remove 1 species
# INFO: Branch <31> chosen for paring. Branch Bunomys_torajae_NMVZ21736 will be pruned and remove 1 species
# INFO: Branch <33> chosen for paring. Branch <32> will be pruned and remove 3 species
# INFO: Branch <34> chosen for paring. Branch Halmaheramys_bokimekot_33262-WD225 will be pruned and remove 1 species
# INFO: Branch <35> chosen for paring. Branch Papagomys_armandvillei_WAMM32592 will be pruned and remove 1 species
# INFO: Branch <51> chosen for paring. Branch Melasmothrix_naso_Z21808 will be pruned and remove 1 species
# INFO: Branch <55> chosen for paring. Branch Sommeromys_macrorhinos_Z21740 will be pruned and remove 1 species
# INFO: Branch <56> chosen for paring. Branch Hyorhinomys_stuempkei_JAE4661 will be pruned and remove 1 species
# INFO: Branch <69> chosen for paring. Branch Pseudomys_bolami_ABTC107389 will be pruned and remove 1 species
# INFO: Branch <75> chosen for paring. Branch <68> will be pruned and remove 3 species
# INFO: Branch <77> chosen for paring. Branch <76> will be pruned and remove 2 species
# INFO: Branch <83> chosen for paring. Branch Pseudomys_chapmani_WAMM29440 will be pruned and remove 1 species
# INFO: Branch <85> chosen for paring. Branch Notomys_aquilo_M-32455 will be pruned and remove 1 species
# INFO: Branch <86> chosen for paring. Branch Notomys_fuscus_M22830 will be pruned and remove 1 species
# INFO: Branch <92> chosen for paring. Branch <91> will be pruned and remove 2 species
# INFO: Branch <104> chosen for paring. Branch Mirzamys_louiseae_ABTC133754 will be pruned and remove 1 species
# INFO: Branch <105> chosen for paring. Branch Paraleptomys_wilhelmina_H126-ABTC133716 will be pruned and remove 1 species
# INFO: Branch <122> chosen for paring. Branch Macruromys_major_ABTC43909 will be pruned and remove 1 species
# INFO: Branch <123> chosen for paring. Branch Lorentzimys_nouhuysi_ABTC-46314 will be pruned and remove 1 species
# INFO: Branch <124> chosen for paring. Branch Anisomys_imitator_ABTC45107 will be pruned and remove 1 species
# INFO: Branch <145> chosen for paring. Branch Thallomys_paedulcus_FMNH158089 will be pruned and remove 1 species
# INFO: Branch <153> chosen for paring. Branch <152> will be pruned and remove 5 species
# 12.04.2021  12:47:12  Paring iteration 1            Success: 42 tips removed, 30 branches pared.                6.41206             6.00028         25.55469                 5485.53906          
# INFO: Branch length threshold for iteration:	0.0009780885
# 12.04.2021  12:47:12  Writing iteration 1 files     Success                                                     6.42768             0.00811         25.55859                 5485.53906          
# --------------------------------------------------
# INFO: Branch <19> chosen for paring. Branch Bullimus_bagobus_JAE1712 will be pruned and remove 1 species
# INFO: Branch <33> chosen for paring. Branch Paucidentomys_vermidax_Z21914 will be pruned and remove 1 species
# INFO: Branch <35> chosen for paring. Branch <33> will be pruned and remove 2 species
# INFO: Branch <43> chosen for paring. Branch Zyzomys_pedunculatus_Z34925 will be pruned and remove 1 species
# INFO: Branch <47> chosen for paring. Branch Pseudomys_novaehollandiae_ABTC08140 will be pruned and remove 1 species
# INFO: Branch <49> chosen for paring. Branch Pseudomys_higginsi_UC1421 will be pruned and remove 1 species
# INFO: Branch <50> chosen for paring. Branch Mastacomys_fuscus_M13957 will be pruned and remove 1 species
# INFO: Branch <54> chosen for paring. Branch <53> will be pruned and remove 3 species
# INFO: Branch <60> chosen for paring. Branch <57> will be pruned and remove 3 species
# INFO: Branch <67> chosen for paring. Branch Conilurus_penicillatus_M14056 will be pruned and remove 1 species
# INFO: Branch <75> chosen for paring. Branch Leptomys_elegans_ABTC45741 will be pruned and remove 1 species
# INFO: Branch <85> chosen for paring. Branch <84> will be pruned and remove 5 species
# INFO: Branch <87> chosen for paring. Branch Hyomys_goliath_ABTC42697 will be pruned and remove 1 species
# INFO: Branch <91> chosen for paring. Branch Rhynchomys_isarogensis_JAE2195 will be pruned and remove 1 species
# INFO: Branch <110> chosen for paring. Branch Micaelemys_namaquensis_MNHN1987009 will be pruned and remove 1 species
# INFO: Branch <129> chosen for paring. Branch Mus_spretus_10460X4 will be pruned and remove 1 species
# INFO: Branch <130> chosen for paring. Branch Mus_musculus-reference_10460X5 will be pruned and remove 1 species
# 12.04.2021  12:47:15  Paring iteration 2            Success: 25 tips removed, 17 branches pared.                9.36131             2.92746         25.5625                  5485.53906          
# INFO: Branch length threshold for iteration:	0.0015708180000000003
# 12.04.2021  12:47:15  Writing iteration 2 files     Success                                                     9.37687             0.00862         25.5625                  5485.53906          
# --------------------------------------------------
# INFO: Branch <9> chosen for paring. Branch Rattus_praetor_sample1 chosen for pruning, but is exempt. Switching to sister branch.
# INFO: Branch <9> chosen for paring. Branch Rattus_morotaiensis_ASAM29 will be pruned and remove 1 species
# INFO: Branch <15> chosen for paring. Branch Taeromys_hamatus_NMVZ63317 will be pruned and remove 1 species
# INFO: Branch <20> chosen for paring. Branch <19> will be pruned and remove 2 species
# INFO: Branch <45> chosen for paring. Branch Pseudomys_occidentalis_ABTC08043 will be pruned and remove 1 species
# INFO: Branch <49> chosen for paring. Branch <42> chosen for pruning, but is exempt. Switching to sister branch.
# INFO: Branch <49> chosen for paring. Branch <48> will be pruned and remove 7 species
# INFO: Branch <52> chosen for paring. Branch <50> will be pruned and remove 2 species
# INFO: Branch <57> chosen for paring. Branch <52> will be pruned and remove 4 species
# INFO: Branch <61> chosen for paring. Branch Hydromys_sp-nov_YS391 will be pruned and remove 1 species
# INFO: Branch <68> chosen for paring. Branch <67> will be pruned and remove 2 species
# INFO: Branch <96> chosen for paring. Branch Mastomys_natalensis_T4162 will be pruned and remove 1 species
# INFO: Branch <116> chosen for paring. Branch <92> chosen for pruning, but is exempt. Switching to sister branch.
# INFO: Branch <116> chosen for paring. Sister branch <115> is also exempt. Skipping paring.
# 12.04.2021  12:47:17  Paring iteration 3            Success: 19 tips removed, 10 branches pared.                11.44111            2.05821         25.56641                 5485.53906          
# INFO: Branch length threshold for iteration:	0.002020412
# 12.04.2021  12:47:17  Writing iteration 3 files     Success                                                     11.45538            0.00762         25.56641                 5485.53906          
# --------------------------------------------------
# INFO: Branch <10> chosen for paring. Branch <8> will be pruned and remove 2 species
# INFO: Branch <11> chosen for paring. Branch <7> chosen for pruning, but is exempt. Switching to sister branch.
# INFO: Branch <11> chosen for paring. Sister branch <10> is also exempt. Skipping paring.
# INFO: Branch <22> chosen for paring. Branch Anonymomys_mindorensis_FMNH2222010 will be pruned and remove 1 species
# INFO: Branch <27> chosen for paring. Branch <26> chosen for pruning, but is exempt. Switching to sister branch.
# INFO: Branch <27> chosen for paring. Sister branch <19> is also exempt. Skipping paring.
# INFO: Branch <41> chosen for paring. Branch Leporillus_conditor_ABTC13335 will be pruned and remove 1 species
# INFO: Branch <70> chosen for paring. Branch <69> will be pruned and remove 5 species
# INFO: Branch <97> chosen for paring. Branch <74> chosen for pruning, but is exempt. Switching to sister branch.
# INFO: Branch <97> chosen for paring. Sister branch <96> is also exempt. Skipping paring.
# 12.04.2021  12:47:18  Paring iteration 4            Success: 9 tips removed, 4 branches pared.                  12.48046            1.01941         25.56641                 5485.53906          
# INFO: Branch length threshold for iteration:	0.002219255
# 12.04.2021  12:47:18  Writing iteration 4 files     Success                                                     12.49693            0.00949         25.56641                 5485.53906          
# --------------------------------------------------
# INFO: Branch <9> chosen for paring. Branch <7> chosen for pruning, but is exempt. Switching to sister branch.
# INFO: Branch <9> chosen for paring. Sister branch <8> is also exempt. Skipping paring.
# INFO: Branch <24> chosen for paring. Branch <23> chosen for pruning, but is exempt. Switching to sister branch.
# INFO: Branch <24> chosen for paring. Sister branch <17> is also exempt. Skipping paring.
# INFO: Branch <88> chosen for paring. Branch <65> chosen for pruning, but is exempt. Switching to sister branch.
# INFO: Branch <88> chosen for paring. Sister branch <87> is also exempt. Skipping paring.
# 12.04.2021  12:47:18  Paring iteration 5            Success: No branches pared this iteration. Exiting.         12.67422            0.17137         25.56641                 5485.53906          
# INFO: Branch length threshold for iteration:	0.002262963
# --------------------------------------------------
iteration	branch length threshold	branches pared	tips pruned	tree
0	NA	NA	NA	((Lophiomys_imhausi_UM5152:0.0913384,Lophuromys_woosnami_LSUMZ37793:0.0977932)<1>:0.0149217,(((Phloeomys_cumingi_FMNH198472:0.00432513,Phloeomys_pallidus_JEC43:0.00448457)<2>_93.9:0.0260576,((Carpomys_melanurus_FMNH198723:0.0140483,Musseromys_anacuao_FMNH209523:0.0146864)<3>_90.1:0.0153824,(Crateromys_heaneyi_KU165014:0.0199721,Batomys_russatus_KU165776:0.0204474)<4>_82.1:0.0104859)<5>_72.6:0.00719277)<6>_83.5:0.0182673,((((((((((rnor6:0.0114104,(Rattus_argentiventer_LSUMZ38199:0.00485128,Rattus_hoffmanni_LSUMZ39187:0.00494816)<7>_46.7:0.00267107)<8>_20.8:0.00086497,Rattus_exulans_sample1:0.0108653)<9>_32.6:0.00245658,(((Tarsomys_apoensis_KU167148:0.00566619,Limnomys_sibuanus_FMNH147948:0.00603481)<10>_56.9:0.00327117,(Rattus_xanthurus_LSUMZ39196:0.00383869,(((((Rattus_villosissimus_sample1:0.00197242,Rattus_colletti_RAT25:0.000812655)<11>_48.5:0.00232849,Rattus_tunneyi_RAT130:0.00378212)<12>_18.1:0.000385446,Rattus_lutreolus_sample2:0.00399168)<13>_23.5:0.00094918,(Rattus_leucopus_sample1:0.00394228,Rattus_praetor_sample1:0.00365434)<14>_16.7:0.000760221)<15>_26.8:0.000848126,Rattus_morotaiensis_ASAM29:0.00374583)<16>_42.1:0.00183577)<17>_42.2:0.00251013)<18>_21.7:0.00117073,Kadarsanomys_sodyi_MZB-Sample:0.0122803)<19>_16.9:0.000959291)<20>_29.8:0.00220647,(Nesokia_indica_ABTC117074:0.00499874,Bandicota_indica_ABTC119185:0.00543974)<21>_75.9:0.00889891)<22>_39.9:0.00370836,(((((((Genus_sp-nov_NMVZ21816:0.007553,((Taeromys_celebensis_NMVZ20637:0.00579939,Paruromys_dominator_JAE4870:0.00589148)<23>_24.8:0.0013543,(Lenomys_meyeri_LSUMZ39079:0.00574132,Eropeplus_canus_NMVZ21733:0.00389853)<24>_14.6:0.000462409)<25>_17.8:0.000903237)<26>_9.32:0.000337342,((Taeromys_hamatus_NMVZ63317:0.00440128,Taeromys_taerae_LSUMZ39224:0.0038839)<27>_47.4:0.00198047,(Taeromys_punicans_MVZ225815:0.000180451,Taeromys_callitrichus_LSUMZ37153:0.00122307)<28>_71.0:0.00442483)<29>_41.6:0.00247767)<30>_15.9:0.00101977,((Bunomys_torajae_NMVZ21736:0.0047778,Bunomys_chrysocomus_JAE4867:0.00542014)<31>_30.3:0.000421992,Bunomys_andrewsi_sample1:0.00450225)<32>_31.1:0.00292472)<33>_13.0:0.000639348,Halmaheramys_bokimekot_33262-WD225:0.00826899)<34>_9.67:0.000480101,Papagomys_armandvillei_WAMM32592:0.00968341)<35>_5.01:0.000168374,Bullimus_bagobus_JAE1712:0.0123004)<36>_15.5:0.000991082,(Sundamys_annandalei_YS118:0.00673019,Sundamys_muelleri_JAE1283:0.00789351)<37>_57.3:0.00534233)<38>_26.3:0.00178627)<39>_55.5:0.00707647,(Berylmys_bowersi_ABTC116431:0.000957786,Berylmys_mackenziei_ABTC116402:0.00170709)<40>_88.4:0.0206282)<41>_69.4:0.0125527,(Saxatilomys_paulinae_ABTC116266:0.0206848,((((Niviventer_lepturus_JAE4746:0.0112527,(Niviventer_rapit_LSUMZ38196:0.00093629,Niviventer_bukit_LSUMZ38136:0.000654166)<42>_91.0:0.0108411)<43>_77.0:0.00831878,Anonymomys_mindorensis_FMNH2222010:0.0140096)<44>_43.1:0.00210454,Leopoldomys_sabanus_Z25191:0.0167789)<45>_49.1:0.00283934,(Margaretamys_parvus_NMVZ21833:0.00626667,Margaretamys_christinae_TMar1:0.00716841)<46>_80.2:0.00762856)<47>_50.8:0.00309305)<48>_70.5:0.00822189)<49>_32.5:0.00221582,(((Paucidentomys_vermidax_Z21914:0.0126391,Echiothrix_centrosa_Z27993:0.0127832)<50>_30.2:0.0012987,(Tateomys_rhinogradoides_Z21785:0.00750852,(Melasmothrix_naso_Z21808:0.00732042,Tateomys_macrocercus_Z21834:0.00767065)<51>_29.3:0.000662915)<52>_58.6:0.00419587)<53>_25.6:0.00118219,(((Gracilimus_radix_Z08508:0.00879643,Waiomys_mamasae_Z20624:0.00814693)<54>_87.4:0.0142456,Sommeromys_macrorhinos_Z21740:0.0152816)<55>_18.6:0.000482258,Hyorhinomys_stuempkei_JAE4661:0.014072)<56>_17.0:0.00048272)<57>_55.2:0.00471064)<58>_71.0:0.0140885,(Maxomys_surifer_JAE3632:0.0198057,(Maxomys_musschenbroekii_sample1:0.0158616,(Crunomys_melanius_KU168558:0.00519632,Crunomys_celebensis_Z21894:0.00596912)<59>_88.1:0.0137035)<60>_65.2:0.00615628)<61>_79.2:0.0129444)<62>_78.5:0.0229283,((((((((((((Zyzomys_pedunculatus_Z34925:0.00707772,Zyzomys_woodwardi_WAMM21724:0.00689749)<63>_36.5:0.00146919,((Zyzomys_palatalis_ABTC30744:0.00469678,Zyzomys_argurus_ABTC61630:0.00429918)<64>_51.3:0.00226794,Zyzomys_maini_ABTC07900:0.00611801)<65>_47.1:0.00233344)<66>_64.6:0.00794027,(((((((Pseudomys_oralis_RAT7:0.007961,(Pseudomys_shortridgei_Z25113:0.00319507,Pseudomys_desertor_ABTC41464:0.00248783)<67>_72.7:0.00656703)<68>_26.8:0.00173621,(((Pseudomys_higginsi_UC1421:0.0064657,(((Pseudomys_bolami_ABTC107389:0.00303755,Pseudomys_novaehollandiae_ABTC08140:0.00316067)<69>_27.2:0.000449531,Pseudomys_delicatulus_U1509:0.00351736)<70>_38.3:0.00137792,Pseudomys_hermannsburgensis_ABTC08067:0.00448589)<71>_50.6:0.00294652)<72>_25.0:0.00102564,Mastacomys_fuscus_M13957:0.00711457)<73>_20.9:0.000986432,Pseudomys_australis_M25541:0.00741192)<74>_19.7:0.00160585)<75>_8.64:0.000568481,(Pseudomys_nanus_U1448:0.00325468,Pseudomys_gracilicaudatus_ABTC08163:0.00358114)<76>_75.6:0.00911794)<77>_10.9:0.000813397,(Pseudomys_fumeus_ABTC08168:0.0086845,(Pseudomys_apodemoides_M16672:0.00351293,Pseudomys_albocinereus_WAMM18855:0.00368611)<78>_74.9:0.00679153)<79>_32.0:0.00196955)<80>_17.5:0.00140992,Pseudomys_occidentalis_ABTC08043:0.010065)<81>_24.7:0.00167742,((((Pseudomys_patrius_JM10865:0.00450624,Pseudomys_johnsoni_ABTC08053:0.00300365)<82>_45.3:0.00178922,Pseudomys_chapmani_WAMM29440:0.00690509)<83>_30.4:0.000925118,Pseudomys_calabyi_U4324:0.00633008)<84>_65.6:0.0068083,((Notomys_mitchellii_M21518:0.00429054,(Notomys_fuscus_M22830:0.0033865,(Notomys_aquilo_M-32455:0.00375375,Notomys_alexis_U1308:0.00238701)<85>_23.8:0.000518655)<86>_22.4:0.000344142)<87>_64.5:0.00549106,Notomys_cervinus_M22857:0.00787824)<88>_43.3:0.00263625)<89>_22.1:0.00115138)<90>_45.2:0.00407195,(Leggadina_lakedownensis_WAMM21623:0.00313812,Leggadina_forresti_WAMM62323:0.00334662)<91>_88.2:0.0179012)<92>_17.1:0.000645165)<93>_31.9:0.00180482,(((Uromys_sp-nov_YS380:0.00261913,Uromys_caudimaculatus_DT10Uc01:0.00241624)<94>_82.4:0.00889157,(Solomys_salebrosus_ABTC64864:0.00691826,Melomys_rufescens_ABTC44798:0.00699065)<95>_70.1:0.00704814)<96>_34.0:0.00171228,(((Mesembriomys_macrurus_ABTC7337:0.00523706,Mesembriomys_gouldii_ABTC7449:0.00480362)<97>_68.1:0.00506544,(Conilurus_penicillatus_M14056:0.00827239,Conilurus_albipes_NMV-c7585:0.00704881)<98>_39.8:0.00134045)<99>_44.2:0.00227555,(Leporillus_conditor_ABTC13335:0.00809542,Leporillus_apicalis_C90:0.00704299)<100>_34.3:0.00211346)<101>_52.2:0.00480596)<102>_30.9:0.00195252)<103>_52.2:0.00496775,(((Paraleptomys_wilhelmina_H126-ABTC133716:0.00858602,(Mirzamys_louiseae_ABTC133754:0.00754482,Leptomys_elegans_ABTC45741:0.0108088)<104>_27.1:0.000894609)<105>_18.6:0.000695733,(Xeromys_myoides_ABTC30709:0.0130664,(Pseudohydromys_pumehanae_ABTC43920:0.00567204,Microhydromys_richardsoni_ANWCM35851:0.00846629)<106>_58.8:0.00295515)<107>_37.4:0.00188605)<108>_24.7:0.00103142,((Parahydromys_asper_ABTC45798:0.00254349,(Hydromys_sp-nov_YS391:0.00119842,Hydromys_chrysogaster_Z5248:0.00236757)<109>_47.7:0.00161678)<110>_70.7:0.00471842,Crossomys_moncktoni_ABTC46614:0.00498265)<111>_70.2:0.00611263)<112>_70.6:0.00881125)<113>_61.5:0.00817492,((Mallomys_rothschildi_ABTC47402:0.0145323,(Pogonomelomys_mayeri_AMM21849:0.0142525,Abeomelomys_sevia_KUM161018:0.013284)<114>_65.3:0.00553015)<115>_38.0:0.00176608,(Xenuromys_barbatus_ABTC129204:0.0162401,Mammelomys_lanosus_ABTC47208:0.0196007)<116>_65.6:0.00615788)<117>_57.2:0.00550135)<118>_19.1:0.00103853,Coccymys_ruemmleri_ABTC49489:0.0248905)<119>_28.1:0.00203695,(((((Hyomys_goliath_ABTC42697:0.0198937,Pogonomys_macrourus_ABTC43144:0.0246824)<120>_26.9:0.00146063,Chiruromys_vates_ABTC43096:0.027364)<121>_22.1:0.00117838,Macruromys_major_ABTC43909:0.0191165)<122>_12.6:0.000513578,Lorentzimys_nouhuysi_ABTC-46314:0.0331547)<123>_9.99:0.000332414,Anisomys_imitator_ABTC45107:0.0178574)<124>_13.9:0.000478351)<125>_32.7:0.00199703,((((Chrotomys_whiteheadi_KU168311:0.00183664,Chrotomys_mindorensis_JAE520:0.00225017)<126>_90.1:0.0160716,Rhynchomys_isarogensis_JAE2195:0.014356)<127>_40.6:0.00134894,Archboldomys_luzonensis_EAR1826:0.0153091)<128>_63.6:0.00441274,Apomys_lubangensis_JAE169:0.0263566)<129>_75.4:0.0118356)<130>_46.0:0.0040288,Haeromys_minahassae_JAE4996:0.0332564)<131>_60.7:0.00752244,Chiropodomys_gliroides_Z25153:0.0414671)<132>_63.7:0.0110642,(((((Otomys_tropicalis_LSUMZ37841:0.0146802,Otomys_denti_LSUMZ37840:0.0105122)<133>_92.0:0.0258617,(((((((Lemniscomys_striatus_TCD4711:0.0145029,(Arvicanthus_niloticus_MNHN1999201:0.00494553,Arvicanthus_neumanni_FMNH158037:0.00604647)<134>_83.3:0.00863905)<135>_69.4:0.00605239,((Pelomys_minor_FMNH219213:0.00902908,Pelomys_isseli_FMNH137886:0.00907414)<136>_73.6:0.00486124,Mylomys_dybowskii_MNHN1997072:0.013942)<137>_65.4:0.00460815)<138>_45.6:0.00235604,Rhabdomys_pumilio_MNHN1995065:0.0228995)<139>_73.6:0.01036,(Dasymys_montanus_FMNH144389:0.00114153,Dasymys_incomtus_LSUMZ37702:0.00132192)<140>_93.8:0.0263476)<141>_30.9:0.00235735,(((Aethomys_hindei_MVZ196257:0.0199854,Aethomys_nyikae_FMNH196708:0.0210902)<142>_73.2:0.00942007,(((Thamnomys_venustus_LSUMZ37935:0.0189541,Thamnomys_kempi_TCD4437:0.0159436)<143>_60.3:0.00438538,Grammomys_dryas_LSUMZ37716:0.0277838)<144>_40.8:0.00297389,Thallomys_paedulcus_FMNH158089:0.0283732)<145>_15.5:0.000796904)<146>_25.9:0.00194742,Micaelemys_namaquensis_MNHN1987009:0.0242687)<147>_18.0:0.00125024)<148>_15.4:0.00121691,(((Stochomys_longicaudatus_MNHN1999459:0.0163591,Dephomys_defua_MNHNR24062:0.0151636)<149>_68.6:0.00499092,(Hybomys_univittatus_TCD4026:0.00132663,Hybomys_lunaris_LSUMZ37734:0.000981445)<150>_92.4:0.0254669)<151>_70.1:0.00775396,Hybomys_planifrons_R24117:0.0322477)<152>_39.1:0.00314138)<153>_15.4:0.000942516,Oenomys_hypoxanthus_LSUMZ37838:0.0281561)<154>_58.6:0.00662201)<155>_61.7:0.00670455,Pithecheir_melanurus_LSUMZ38198:0.0372745)<156>_53.9:0.00545764,Vandeleuria_oleracea_ABTC116404:0.0603799)<157>_31.6:0.00315677,((Malacomys_longipes_TCD4253:0.0456868,Apodemus_sylvaticus_SMG3823:0.0646888)<158>_32.8:0.00291432,(((((Myomyscus_verreauxii_MNHN1999102:0.0163445,(Zelotomys_woosnami_TTU-M115260:0.0124204,Colomys_goslingi_TCD4175:0.00924692)<159>_68.9:0.00528203)<160>_62.4:0.00418701,Mastomys_natalensis_T4162:0.0201888)<161>_37.8:0.00186014,(Praomys_jacksoni_REC31:0.00869142,Praomys_degraaffi_TCD4312:0.00944479)<162>_80.3:0.0105432)<163>_53.3:0.00375257,((Hylomyscus_stella_LSUMZ37742:0.0125533,Hylomyscus_vulcanorum_TCD4382:0.0118054)<164>_75.9:0.00633958,Heimyscus_fumosus_FMNH167810:0.0184213)<165>_68.8:0.00575339)<166>_86.0:0.0263945,(Mus_pahari_10460X1:0.0320107,((Mus_musculoides_LSUMZ37820:0.00872126,Mus_minutoides_10460X2:0.00792363)<167>_92.7:0.0244896,(Mus_platythrix_10460X13:0.0233883,(((Mus_cookii_10460X3:0.00752454,Mus_cervicolor_10460X10:0.00842881)<168>_61.7:0.0029363,Mus_caroli_10460X9:0.0131018)<169>_58.4:0.00327687,((Mus_spretus_10460X4:0.00589935,(Mus_spicilegus_10460X11:0.00300599,Mus_macedonicus_10460X12:0.00226083)<170>_62.5:0.00320682)<171>_37.6:0.00127788,(((Mus_musculus-reference_10460X5:0.000444777,Mus_musculus-musculus_10460X14:0.00060338)<172>_49.7:0.00141963,Mus_musculus-castaneus_10460X7:0.00104627)<173>_49.2:0.00226813,(mm10:0.00097665,Mus_musculus-domesticus_10460X15:0.00158211)<174>_60.9:0.00216496)<175>_60.4:0.00385991)<176>_77.3:0.00930485)<177>_78.8:0.0119236)<178>_36.1:0.00231725)<179>_37.7:0.00259592)<180>_84.3:0.023866)<181>_40.4:0.00359225)<182>_40.4:0.00518)<183>_20.9:0.00179996)<184>_38.2:0.00373556)<185>_73.6:0.0170259)<186>:0.0161803)<187>;
1	0.0009780885	30	42	((Lophiomys_imhausi_UM5152:0.0913384,Lophuromys_woosnami_LSUMZ37793:0.0977932)<1>:0.0149217,(((Phloeomys_cumingi_FMNH198472:0.00432513,Phloeomys_pallidus_JEC43:0.00448457)<2>_93.9:0.0260576,((Carpomys_melanurus_FMNH198723:0.0140483,Musseromys_anacuao_FMNH209523:0.0146864)<3>_90.1:0.0153824,(Crateromys_heaneyi_KU165014:0.0199721,Batomys_russatus_KU165776:0.0204474)<4>_82.1:0.0104859)<5>_72.6:0.00719277)<6>_83.5:0.0182673,(((((((((rnor6:0.012275369999999999,Rattus_exulans_sample1:0.0108653)<7>_32.6:0.00245658,((Tarsomys_apoensis_KU167148:0.00566619,Limnomys_sibuanus_FMNH147948:0.00603481)<8>_56.9:0.00327117,(Rattus_xanthurus_LSUMZ39196:0.00383869,(Rattus_praetor_sample1:0.005262687,Rattus_morotaiensis_ASAM29:0.00374583)<9>_42.1:0.00183577)<10>_42.2:0.00251013)<11>_21.7:0.002130021)<12>_29.8:0.00220647,(Nesokia_indica_ABTC117074:0.00499874,Bandicota_indica_ABTC119185:0.00543974)<13>_75.9:0.00889891)<14>_39.9:0.00370836,(((Eropeplus_canus_NMVZ21733:0.005601518,((Taeromys_hamatus_NMVZ63317:0.00440128,Taeromys_taerae_LSUMZ39224:0.0038839)<15>_47.4:0.00198047,(Taeromys_punicans_MVZ225815:0.000180451,Taeromys_callitrichus_LSUMZ37153:0.00122307)<16>_71.0:0.00442483)<17>_41.6:0.00247767)<18>_15.9:0.002307593,Bullimus_bagobus_JAE1712:0.0123004)<19>_15.5:0.000991082,(Sundamys_annandalei_YS118:0.00673019,Sundamys_muelleri_JAE1283:0.00789351)<20>_57.3:0.00534233)<21>_26.3:0.00178627)<22>_55.5:0.00707647,(Berylmys_bowersi_ABTC116431:0.000957786,Berylmys_mackenziei_ABTC116402:0.00170709)<23>_88.4:0.0206282)<24>_69.4:0.0125527,(Saxatilomys_paulinae_ABTC116266:0.0206848,((((Niviventer_lepturus_JAE4746:0.0112527,(Niviventer_rapit_LSUMZ38196:0.00093629,Niviventer_bukit_LSUMZ38136:0.000654166)<25>_91.0:0.0108411)<26>_77.0:0.00831878,Anonymomys_mindorensis_FMNH2222010:0.0140096)<27>_43.1:0.00210454,Leopoldomys_sabanus_Z25191:0.0167789)<28>_49.1:0.00283934,(Margaretamys_parvus_NMVZ21833:0.00626667,Margaretamys_christinae_TMar1:0.00716841)<29>_80.2:0.00762856)<30>_50.8:0.00309305)<31>_70.5:0.00822189)<32>_32.5:0.00221582,(((Paucidentomys_vermidax_Z21914:0.0126391,Echiothrix_centrosa_Z27993:0.0127832)<33>_30.2:0.0012987,(Tateomys_rhinogradoides_Z21785:0.00750852,Tateomys_macrocercus_Z21834:0.008333565000000001)<34>_58.6:0.00419587)<35>_25.6:0.00118219,(Gracilimus_radix_Z08508:0.00879643,Waiomys_mamasae_Z20624:0.00814693)<36>_87.4:0.015210578)<37>_55.2:0.00471064)<38>_71.0:0.0140885,(Maxomys_surifer_JAE3632:0.0198057,(Maxomys_musschenbroekii_sample1:0.0158616,(Crunomys_melanius_KU168558:0.00519632,Crunomys_celebensis_Z21894:0.00596912)<39>_88.1:0.0137035)<40>_65.2:0.00615628)<41>_79.2:0.0129444)<42>_78.5:0.0229283,((((((((((((Zyzomys_pedunculatus_Z34925:0.00707772,Zyzomys_woodwardi_WAMM21724:0.00689749)<43>_36.5:0.00146919,((Zyzomys_palatalis_ABTC30744:0.00469678,Zyzomys_argurus_ABTC61630:0.00429918)<44>_51.3:0.00226794,Zyzomys_maini_ABTC07900:0.00611801)<45>_47.1:0.00233344)<46>_64.6:0.00794027,((((((Pseudomys_higginsi_UC1421:0.0064657,((Pseudomys_novaehollandiae_ABTC08140:0.003610201,Pseudomys_delicatulus_U1509:0.00351736)<47>_38.3:0.00137792,Pseudomys_hermannsburgensis_ABTC08067:0.00448589)<48>_50.6:0.00294652)<49>_25.0:0.00102564,Mastacomys_fuscus_M13957:0.00711457)<50>_20.9:0.000986432,Pseudomys_australis_M25541:0.00741192)<51>_19.7:0.002987728,(Pseudomys_fumeus_ABTC08168:0.0086845,(Pseudomys_apodemoides_M16672:0.00351293,Pseudomys_albocinereus_WAMM18855:0.00368611)<52>_74.9:0.00679153)<53>_32.0:0.00196955)<54>_17.5:0.00140992,Pseudomys_occidentalis_ABTC08043:0.010065)<55>_24.7:0.00167742,(((Pseudomys_patrius_JM10865:0.00450624,Pseudomys_johnsoni_ABTC08053:0.00300365)<56>_45.3:0.002714338,Pseudomys_calabyi_U4324:0.00633008)<57>_65.6:0.0068083,((Notomys_mitchellii_M21518:0.00429054,Notomys_alexis_U1308:0.0032498070000000004)<58>_64.5:0.00549106,Notomys_cervinus_M22857:0.00787824)<59>_43.3:0.00263625)<60>_22.1:0.00115138)<61>_45.2:0.004717115)<62>_31.9:0.00180482,(((Uromys_sp-nov_YS380:0.00261913,Uromys_caudimaculatus_DT10Uc01:0.00241624)<63>_82.4:0.00889157,(Solomys_salebrosus_ABTC64864:0.00691826,Melomys_rufescens_ABTC44798:0.00699065)<64>_70.1:0.00704814)<65>_34.0:0.00171228,(((Mesembriomys_macrurus_ABTC7337:0.00523706,Mesembriomys_gouldii_ABTC7449:0.00480362)<66>_68.1:0.00506544,(Conilurus_penicillatus_M14056:0.00827239,Conilurus_albipes_NMV-c7585:0.00704881)<67>_39.8:0.00134045)<68>_44.2:0.00227555,(Leporillus_conditor_ABTC13335:0.00809542,Leporillus_apicalis_C90:0.00704299)<69>_34.3:0.00211346)<70>_52.2:0.00480596)<71>_30.9:0.00195252)<72>_52.2:0.00496775,((Leptomys_elegans_ABTC45741:0.012399142,(Xeromys_myoides_ABTC30709:0.0130664,(Pseudohydromys_pumehanae_ABTC43920:0.00567204,Microhydromys_richardsoni_ANWCM35851:0.00846629)<73>_58.8:0.00295515)<74>_37.4:0.00188605)<75>_24.7:0.00103142,((Parahydromys_asper_ABTC45798:0.00254349,(Hydromys_sp-nov_YS391:0.00119842,Hydromys_chrysogaster_Z5248:0.00236757)<76>_47.7:0.00161678)<77>_70.7:0.00471842,Crossomys_moncktoni_ABTC46614:0.00498265)<78>_70.2:0.00611263)<79>_70.6:0.00881125)<80>_61.5:0.00817492,((Mallomys_rothschildi_ABTC47402:0.0145323,(Pogonomelomys_mayeri_AMM21849:0.0142525,Abeomelomys_sevia_KUM161018:0.013284)<81>_65.3:0.00553015)<82>_38.0:0.00176608,(Xenuromys_barbatus_ABTC129204:0.0162401,Mammelomys_lanosus_ABTC47208:0.0196007)<83>_65.6:0.00615788)<84>_57.2:0.00550135)<85>_19.1:0.00103853,Coccymys_ruemmleri_ABTC49489:0.0248905)<86>_28.1:0.00203695,((Hyomys_goliath_ABTC42697:0.0198937,Pogonomys_macrourus_ABTC43144:0.0246824)<87>_26.9:0.00146063,Chiruromys_vates_ABTC43096:0.027364)<88>_22.1:0.002502723)<89>_32.7:0.00199703,((((Chrotomys_whiteheadi_KU168311:0.00183664,Chrotomys_mindorensis_JAE520:0.00225017)<90>_90.1:0.0160716,Rhynchomys_isarogensis_JAE2195:0.014356)<91>_40.6:0.00134894,Archboldomys_luzonensis_EAR1826:0.0153091)<92>_63.6:0.00441274,Apomys_lubangensis_JAE169:0.0263566)<93>_75.4:0.0118356)<94>_46.0:0.0040288,Haeromys_minahassae_JAE4996:0.0332564)<95>_60.7:0.00752244,Chiropodomys_gliroides_Z25153:0.0414671)<96>_63.7:0.0110642,(((((Otomys_tropicalis_LSUMZ37841:0.0146802,Otomys_denti_LSUMZ37840:0.0105122)<97>_92.0:0.0258617,((((((Lemniscomys_striatus_TCD4711:0.0145029,(Arvicanthus_niloticus_MNHN1999201:0.00494553,Arvicanthus_neumanni_FMNH158037:0.00604647)<98>_83.3:0.00863905)<99>_69.4:0.00605239,((Pelomys_minor_FMNH219213:0.00902908,Pelomys_isseli_FMNH137886:0.00907414)<100>_73.6:0.00486124,Mylomys_dybowskii_MNHN1997072:0.013942)<101>_65.4:0.00460815)<102>_45.6:0.00235604,Rhabdomys_pumilio_MNHN1995065:0.0228995)<103>_73.6:0.01036,(Dasymys_montanus_FMNH144389:0.00114153,Dasymys_incomtus_LSUMZ37702:0.00132192)<104>_93.8:0.0263476)<105>_30.9:0.00235735,(((Aethomys_hindei_MVZ196257:0.0199854,Aethomys_nyikae_FMNH196708:0.0210902)<106>_73.2:0.00942007,((Thamnomys_venustus_LSUMZ37935:0.0189541,Thamnomys_kempi_TCD4437:0.0159436)<107>_60.3:0.00438538,Grammomys_dryas_LSUMZ37716:0.0277838)<108>_40.8:0.003770794)<109>_25.9:0.00194742,Micaelemys_namaquensis_MNHN1987009:0.0242687)<110>_18.0:0.00125024)<111>_15.4:0.002159426,Oenomys_hypoxanthus_LSUMZ37838:0.0281561)<112>_58.6:0.00662201)<113>_61.7:0.00670455,Pithecheir_melanurus_LSUMZ38198:0.0372745)<114>_53.9:0.00545764,Vandeleuria_oleracea_ABTC116404:0.0603799)<115>_31.6:0.00315677,((Malacomys_longipes_TCD4253:0.0456868,Apodemus_sylvaticus_SMG3823:0.0646888)<116>_32.8:0.00291432,(((((Myomyscus_verreauxii_MNHN1999102:0.0163445,(Zelotomys_woosnami_TTU-M115260:0.0124204,Colomys_goslingi_TCD4175:0.00924692)<117>_68.9:0.00528203)<118>_62.4:0.00418701,Mastomys_natalensis_T4162:0.0201888)<119>_37.8:0.00186014,(Praomys_jacksoni_REC31:0.00869142,Praomys_degraaffi_TCD4312:0.00944479)<120>_80.3:0.0105432)<121>_53.3:0.00375257,((Hylomyscus_stella_LSUMZ37742:0.0125533,Hylomyscus_vulcanorum_TCD4382:0.0118054)<122>_75.9:0.00633958,Heimyscus_fumosus_FMNH167810:0.0184213)<123>_68.8:0.00575339)<124>_86.0:0.0263945,(Mus_pahari_10460X1:0.0320107,((Mus_musculoides_LSUMZ37820:0.00872126,Mus_minutoides_10460X2:0.00792363)<125>_92.7:0.0244896,(Mus_platythrix_10460X13:0.0233883,(((Mus_cookii_10460X3:0.00752454,Mus_cervicolor_10460X10:0.00842881)<126>_61.7:0.0029363,Mus_caroli_10460X9:0.0131018)<127>_58.4:0.00327687,((Mus_spretus_10460X4:0.00589935,(Mus_spicilegus_10460X11:0.00300599,Mus_macedonicus_10460X12:0.00226083)<128>_62.5:0.00320682)<129>_37.6:0.00127788,(((Mus_musculus-reference_10460X5:0.000444777,Mus_musculus-musculus_10460X14:0.00060338)<130>_49.7:0.00141963,Mus_musculus-castaneus_10460X7:0.00104627)<131>_49.2:0.00226813,(mm10:0.00097665,Mus_musculus-domesticus_10460X15:0.00158211)<132>_60.9:0.00216496)<133>_60.4:0.00385991)<134>_77.3:0.00930485)<135>_78.8:0.0119236)<136>_36.1:0.00231725)<137>_37.7:0.00259592)<138>_84.3:0.023866)<139>_40.4:0.00359225)<140>_40.4:0.00518)<141>_20.9:0.00179996)<142>_38.2:0.00373556)<143>_73.6:0.0170259)<144>:0.0161803)<145>;
2	0.0015708180000000003	17	25	((Lophiomys_imhausi_UM5152:0.0913384,Lophuromys_woosnami_LSUMZ37793:0.0977932)<1>:0.0149217,(((Phloeomys_cumingi_FMNH198472:0.00432513,Phloeomys_pallidus_JEC43:0.00448457)<2>_93.9:0.0260576,((Carpomys_melanurus_FMNH198723:0.0140483,Musseromys_anacuao_FMNH209523:0.0146864)<3>_90.1:0.0153824,(Crateromys_heaneyi_KU165014:0.0199721,Batomys_russatus_KU165776:0.0204474)<4>_82.1:0.0104859)<5>_72.6:0.00719277)<6>_83.5:0.0182673,(((((((((rnor6:0.012275369999999999,Rattus_exulans_sample1:0.0108653)<7>_32.6:0.00245658,((Tarsomys_apoensis_KU167148:0.00566619,Limnomys_sibuanus_FMNH147948:0.00603481)<8>_56.9:0.00327117,(Rattus_xanthurus_LSUMZ39196:0.00383869,(Rattus_praetor_sample1:0.005262687,Rattus_morotaiensis_ASAM29:0.00374583)<9>_42.1:0.00183577)<10>_42.2:0.00251013)<11>_21.7:0.002130021)<12>_29.8:0.00220647,(Nesokia_indica_ABTC117074:0.00499874,Bandicota_indica_ABTC119185:0.00543974)<13>_75.9:0.00889891)<14>_39.9:0.00370836,((Eropeplus_canus_NMVZ21733:0.005601518,((Taeromys_hamatus_NMVZ63317:0.00440128,Taeromys_taerae_LSUMZ39224:0.0038839)<15>_47.4:0.00198047,(Taeromys_punicans_MVZ225815:0.000180451,Taeromys_callitrichus_LSUMZ37153:0.00122307)<16>_71.0:0.00442483)<17>_41.6:0.00247767)<18>_15.9:0.003298675,(Sundamys_annandalei_YS118:0.00673019,Sundamys_muelleri_JAE1283:0.00789351)<19>_57.3:0.00534233)<20>_26.3:0.00178627)<21>_55.5:0.00707647,(Berylmys_bowersi_ABTC116431:0.000957786,Berylmys_mackenziei_ABTC116402:0.00170709)<22>_88.4:0.0206282)<23>_69.4:0.0125527,(Saxatilomys_paulinae_ABTC116266:0.0206848,((((Niviventer_lepturus_JAE4746:0.0112527,(Niviventer_rapit_LSUMZ38196:0.00093629,Niviventer_bukit_LSUMZ38136:0.000654166)<24>_91.0:0.0108411)<25>_77.0:0.00831878,Anonymomys_mindorensis_FMNH2222010:0.0140096)<26>_43.1:0.00210454,Leopoldomys_sabanus_Z25191:0.0167789)<27>_49.1:0.00283934,(Margaretamys_parvus_NMVZ21833:0.00626667,Margaretamys_christinae_TMar1:0.00716841)<28>_80.2:0.00762856)<29>_50.8:0.00309305)<30>_70.5:0.00822189)<31>_32.5:0.00221582,((Tateomys_rhinogradoides_Z21785:0.00750852,Tateomys_macrocercus_Z21834:0.008333565000000001)<32>_58.6:0.0053780600000000005,(Gracilimus_radix_Z08508:0.00879643,Waiomys_mamasae_Z20624:0.00814693)<33>_87.4:0.015210578)<34>_55.2:0.00471064)<35>_71.0:0.0140885,(Maxomys_surifer_JAE3632:0.0198057,(Maxomys_musschenbroekii_sample1:0.0158616,(Crunomys_melanius_KU168558:0.00519632,Crunomys_celebensis_Z21894:0.00596912)<36>_88.1:0.0137035)<37>_65.2:0.00615628)<38>_79.2:0.0129444)<39>_78.5:0.0229283,((((((((((Zyzomys_woodwardi_WAMM21724:0.00836668,((Zyzomys_palatalis_ABTC30744:0.00469678,Zyzomys_argurus_ABTC61630:0.00429918)<40>_51.3:0.00226794,Zyzomys_maini_ABTC07900:0.00611801)<41>_47.1:0.00233344)<42>_64.6:0.00794027,((((Pseudomys_delicatulus_U1509:0.00489528,Pseudomys_hermannsburgensis_ABTC08067:0.00448589)<43>_50.6:0.004958592,Pseudomys_australis_M25541:0.00741192)<44>_19.7:0.004397648,Pseudomys_occidentalis_ABTC08043:0.010065)<45>_24.7:0.00167742,((Notomys_mitchellii_M21518:0.00429054,Notomys_alexis_U1308:0.0032498070000000004)<46>_64.5:0.00549106,Notomys_cervinus_M22857:0.00787824)<47>_43.3:0.00378763)<48>_45.2:0.004717115)<49>_31.9:0.00180482,(((Uromys_sp-nov_YS380:0.00261913,Uromys_caudimaculatus_DT10Uc01:0.00241624)<50>_82.4:0.00889157,(Solomys_salebrosus_ABTC64864:0.00691826,Melomys_rufescens_ABTC44798:0.00699065)<51>_70.1:0.00704814)<52>_34.0:0.00171228,(((Mesembriomys_macrurus_ABTC7337:0.00523706,Mesembriomys_gouldii_ABTC7449:0.00480362)<53>_68.1:0.00506544,Conilurus_albipes_NMV-c7585:0.008389259999999999)<54>_44.2:0.00227555,(Leporillus_conditor_ABTC13335:0.00809542,Leporillus_apicalis_C90:0.00704299)<55>_34.3:0.00211346)<56>_52.2:0.00480596)<57>_30.9:0.00195252)<58>_52.2:0.00496775,((Xeromys_myoides_ABTC30709:0.0130664,(Pseudohydromys_pumehanae_ABTC43920:0.00567204,Microhydromys_richardsoni_ANWCM35851:0.00846629)<59>_58.8:0.00295515)<60>_37.4:0.00291747,((Parahydromys_asper_ABTC45798:0.00254349,(Hydromys_sp-nov_YS391:0.00119842,Hydromys_chrysogaster_Z5248:0.00236757)<61>_47.7:0.00161678)<62>_70.7:0.00471842,Crossomys_moncktoni_ABTC46614:0.00498265)<63>_70.2:0.00611263)<64>_70.6:0.00881125)<65>_61.5:0.00921345,Coccymys_ruemmleri_ABTC49489:0.0248905)<66>_28.1:0.00203695,(Pogonomys_macrourus_ABTC43144:0.02614303,Chiruromys_vates_ABTC43096:0.027364)<67>_22.1:0.002502723)<68>_32.7:0.00199703,(((Chrotomys_whiteheadi_KU168311:0.00183664,Chrotomys_mindorensis_JAE520:0.00225017)<69>_90.1:0.017420539999999998,Archboldomys_luzonensis_EAR1826:0.0153091)<70>_63.6:0.00441274,Apomys_lubangensis_JAE169:0.0263566)<71>_75.4:0.0118356)<72>_46.0:0.0040288,Haeromys_minahassae_JAE4996:0.0332564)<73>_60.7:0.00752244,Chiropodomys_gliroides_Z25153:0.0414671)<74>_63.7:0.0110642,(((((Otomys_tropicalis_LSUMZ37841:0.0146802,Otomys_denti_LSUMZ37840:0.0105122)<75>_92.0:0.0258617,((((((Lemniscomys_striatus_TCD4711:0.0145029,(Arvicanthus_niloticus_MNHN1999201:0.00494553,Arvicanthus_neumanni_FMNH158037:0.00604647)<76>_83.3:0.00863905)<77>_69.4:0.00605239,((Pelomys_minor_FMNH219213:0.00902908,Pelomys_isseli_FMNH137886:0.00907414)<78>_73.6:0.00486124,Mylomys_dybowskii_MNHN1997072:0.013942)<79>_65.4:0.00460815)<80>_45.6:0.00235604,Rhabdomys_pumilio_MNHN1995065:0.0228995)<81>_73.6:0.01036,(Dasymys_montanus_FMNH144389:0.00114153,Dasymys_incomtus_LSUMZ37702:0.00132192)<82>_93.8:0.0263476)<83>_30.9:0.00235735,((Aethomys_hindei_MVZ196257:0.0199854,Aethomys_nyikae_FMNH196708:0.0210902)<84>_73.2:0.00942007,((Thamnomys_venustus_LSUMZ37935:0.0189541,Thamnomys_kempi_TCD4437:0.0159436)<85>_60.3:0.00438538,Grammomys_dryas_LSUMZ37716:0.0277838)<86>_40.8:0.003770794)<87>_25.9:0.0031976599999999997)<88>_15.4:0.002159426,Oenomys_hypoxanthus_LSUMZ37838:0.0281561)<89>_58.6:0.00662201)<90>_61.7:0.00670455,Pithecheir_melanurus_LSUMZ38198:0.0372745)<91>_53.9:0.00545764,Vandeleuria_oleracea_ABTC116404:0.0603799)<92>_31.6:0.00315677,((Malacomys_longipes_TCD4253:0.0456868,Apodemus_sylvaticus_SMG3823:0.0646888)<93>_32.8:0.00291432,(((((Myomyscus_verreauxii_MNHN1999102:0.0163445,(Zelotomys_woosnami_TTU-M115260:0.0124204,Colomys_goslingi_TCD4175:0.00924692)<94>_68.9:0.00528203)<95>_62.4:0.00418701,Mastomys_natalensis_T4162:0.0201888)<96>_37.8:0.00186014,(Praomys_jacksoni_REC31:0.00869142,Praomys_degraaffi_TCD4312:0.00944479)<97>_80.3:0.0105432)<98>_53.3:0.00375257,((Hylomyscus_stella_LSUMZ37742:0.0125533,Hylomyscus_vulcanorum_TCD4382:0.0118054)<99>_75.9:0.00633958,Heimyscus_fumosus_FMNH167810:0.0184213)<100>_68.8:0.00575339)<101>_86.0:0.0263945,(Mus_pahari_10460X1:0.0320107,((Mus_musculoides_LSUMZ37820:0.00872126,Mus_minutoides_10460X2:0.00792363)<102>_92.7:0.0244896,(Mus_platythrix_10460X13:0.0233883,(((Mus_cookii_10460X3:0.00752454,Mus_cervicolor_10460X10:0.00842881)<103>_61.7:0.0029363,Mus_caroli_10460X9:0.0131018)<104>_58.4:0.00327687,((Mus_spicilegus_10460X11:0.00300599,Mus_macedonicus_10460X12:0.00226083)<105>_62.5:0.0044846999999999995,((Mus_musculus-musculus_10460X14:0.00202301,Mus_musculus-castaneus_10460X7:0.00104627)<106>_49.2:0.00226813,(mm10:0.00097665,Mus_musculus-domesticus_10460X15:0.00158211)<107>_60.9:0.00216496)<108>_60.4:0.00385991)<109>_77.3:0.00930485)<110>_78.8:0.0119236)<111>_36.1:0.00231725)<112>_37.7:0.00259592)<113>_84.3:0.023866)<114>_40.4:0.00359225)<115>_40.4:0.00518)<116>_20.9:0.00179996)<117>_38.2:0.00373556)<118>_73.6:0.0170259)<119>:0.0161803)<120>;
3	0.002020412	10	19	((Lophiomys_imhausi_UM5152:0.0913384,Lophuromys_woosnami_LSUMZ37793:0.0977932)<1>:0.0149217,(((Phloeomys_cumingi_FMNH198472:0.00432513,Phloeomys_pallidus_JEC43:0.00448457)<2>_93.9:0.0260576,((Carpomys_melanurus_FMNH198723:0.0140483,Musseromys_anacuao_FMNH209523:0.0146864)<3>_90.1:0.0153824,(Crateromys_heaneyi_KU165014:0.0199721,Batomys_russatus_KU165776:0.0204474)<4>_82.1:0.0104859)<5>_72.6:0.00719277)<6>_83.5:0.0182673,(((((((((rnor6:0.012275369999999999,Rattus_exulans_sample1:0.0108653)<7>_32.6:0.00245658,((Tarsomys_apoensis_KU167148:0.00566619,Limnomys_sibuanus_FMNH147948:0.00603481)<8>_56.9:0.00327117,(Rattus_xanthurus_LSUMZ39196:0.00383869,Rattus_praetor_sample1:0.007098457000000001)<9>_42.2:0.00251013)<10>_21.7:0.002130021)<11>_29.8:0.00220647,(Nesokia_indica_ABTC117074:0.00499874,Bandicota_indica_ABTC119185:0.00543974)<12>_75.9:0.00889891)<13>_39.9:0.00370836,(Eropeplus_canus_NMVZ21733:0.005601518,(Taeromys_taerae_LSUMZ39224:0.00586437,(Taeromys_punicans_MVZ225815:0.000180451,Taeromys_callitrichus_LSUMZ37153:0.00122307)<14>_71.0:0.00442483)<15>_41.6:0.00247767)<16>_15.9:0.0050849450000000004)<17>_55.5:0.00707647,(Berylmys_bowersi_ABTC116431:0.000957786,Berylmys_mackenziei_ABTC116402:0.00170709)<18>_88.4:0.0206282)<19>_69.4:0.0125527,(Saxatilomys_paulinae_ABTC116266:0.0206848,((((Niviventer_lepturus_JAE4746:0.0112527,(Niviventer_rapit_LSUMZ38196:0.00093629,Niviventer_bukit_LSUMZ38136:0.000654166)<20>_91.0:0.0108411)<21>_77.0:0.00831878,Anonymomys_mindorensis_FMNH2222010:0.0140096)<22>_43.1:0.00210454,Leopoldomys_sabanus_Z25191:0.0167789)<23>_49.1:0.00283934,(Margaretamys_parvus_NMVZ21833:0.00626667,Margaretamys_christinae_TMar1:0.00716841)<24>_80.2:0.00762856)<25>_50.8:0.00309305)<26>_70.5:0.00822189)<27>_32.5:0.00221582,((Tateomys_rhinogradoides_Z21785:0.00750852,Tateomys_macrocercus_Z21834:0.008333565000000001)<28>_58.6:0.0053780600000000005,(Gracilimus_radix_Z08508:0.00879643,Waiomys_mamasae_Z20624:0.00814693)<29>_87.4:0.015210578)<30>_55.2:0.00471064)<31>_71.0:0.0140885,(Maxomys_surifer_JAE3632:0.0198057,(Maxomys_musschenbroekii_sample1:0.0158616,(Crunomys_melanius_KU168558:0.00519632,Crunomys_celebensis_Z21894:0.00596912)<32>_88.1:0.0137035)<33>_65.2:0.00615628)<34>_79.2:0.0129444)<35>_78.5:0.0229283,((((((((Zyzomys_woodwardi_WAMM21724:0.00836668,((Zyzomys_palatalis_ABTC30744:0.00469678,Zyzomys_argurus_ABTC61630:0.00429918)<36>_51.3:0.00226794,Zyzomys_maini_ABTC07900:0.00611801)<37>_47.1:0.00233344)<38>_64.6:0.00974509,(((Mesembriomys_macrurus_ABTC7337:0.00523706,Mesembriomys_gouldii_ABTC7449:0.00480362)<39>_68.1:0.00506544,Conilurus_albipes_NMV-c7585:0.008389259999999999)<40>_44.2:0.00227555,(Leporillus_conditor_ABTC13335:0.00809542,Leporillus_apicalis_C90:0.00704299)<41>_34.3:0.00211346)<42>_52.2:0.00675848)<43>_52.2:0.00496775,((Xeromys_myoides_ABTC30709:0.0130664,(Pseudohydromys_pumehanae_ABTC43920:0.00567204,Microhydromys_richardsoni_ANWCM35851:0.00846629)<44>_58.8:0.00295515)<45>_37.4:0.00291747,((Parahydromys_asper_ABTC45798:0.00254349,Hydromys_chrysogaster_Z5248:0.003984349999999999)<46>_70.7:0.00471842,Crossomys_moncktoni_ABTC46614:0.00498265)<47>_70.2:0.00611263)<48>_70.6:0.00881125)<49>_61.5:0.00921345,Coccymys_ruemmleri_ABTC49489:0.0248905)<50>_28.1:0.0040339799999999995,(((Chrotomys_whiteheadi_KU168311:0.00183664,Chrotomys_mindorensis_JAE520:0.00225017)<51>_90.1:0.017420539999999998,Archboldomys_luzonensis_EAR1826:0.0153091)<52>_63.6:0.00441274,Apomys_lubangensis_JAE169:0.0263566)<53>_75.4:0.0118356)<54>_46.0:0.0040288,Haeromys_minahassae_JAE4996:0.0332564)<55>_60.7:0.00752244,Chiropodomys_gliroides_Z25153:0.0414671)<56>_63.7:0.0110642,(((((Otomys_tropicalis_LSUMZ37841:0.0146802,Otomys_denti_LSUMZ37840:0.0105122)<57>_92.0:0.0258617,((((((Lemniscomys_striatus_TCD4711:0.0145029,(Arvicanthus_niloticus_MNHN1999201:0.00494553,Arvicanthus_neumanni_FMNH158037:0.00604647)<58>_83.3:0.00863905)<59>_69.4:0.00605239,((Pelomys_minor_FMNH219213:0.00902908,Pelomys_isseli_FMNH137886:0.00907414)<60>_73.6:0.00486124,Mylomys_dybowskii_MNHN1997072:0.013942)<61>_65.4:0.00460815)<62>_45.6:0.00235604,Rhabdomys_pumilio_MNHN1995065:0.0228995)<63>_73.6:0.01036,(Dasymys_montanus_FMNH144389:0.00114153,Dasymys_incomtus_LSUMZ37702:0.00132192)<64>_93.8:0.0263476)<65>_30.9:0.00235735,((Aethomys_hindei_MVZ196257:0.0199854,Aethomys_nyikae_FMNH196708:0.0210902)<66>_73.2:0.00942007,((Thamnomys_venustus_LSUMZ37935:0.0189541,Thamnomys_kempi_TCD4437:0.0159436)<67>_60.3:0.00438538,Grammomys_dryas_LSUMZ37716:0.0277838)<68>_40.8:0.003770794)<69>_25.9:0.0031976599999999997)<70>_15.4:0.002159426,Oenomys_hypoxanthus_LSUMZ37838:0.0281561)<71>_58.6:0.00662201)<72>_61.7:0.00670455,Pithecheir_melanurus_LSUMZ38198:0.0372745)<73>_53.9:0.00545764,Vandeleuria_oleracea_ABTC116404:0.0603799)<74>_31.6:0.00315677,((Malacomys_longipes_TCD4253:0.0456868,Apodemus_sylvaticus_SMG3823:0.0646888)<75>_32.8:0.00291432,((((Myomyscus_verreauxii_MNHN1999102:0.0163445,(Zelotomys_woosnami_TTU-M115260:0.0124204,Colomys_goslingi_TCD4175:0.00924692)<76>_68.9:0.00528203)<77>_62.4:0.006047149999999999,(Praomys_jacksoni_REC31:0.00869142,Praomys_degraaffi_TCD4312:0.00944479)<78>_80.3:0.0105432)<79>_53.3:0.00375257,((Hylomyscus_stella_LSUMZ37742:0.0125533,Hylomyscus_vulcanorum_TCD4382:0.0118054)<80>_75.9:0.00633958,Heimyscus_fumosus_FMNH167810:0.0184213)<81>_68.8:0.00575339)<82>_86.0:0.0263945,(Mus_pahari_10460X1:0.0320107,((Mus_musculoides_LSUMZ37820:0.00872126,Mus_minutoides_10460X2:0.00792363)<83>_92.7:0.0244896,(Mus_platythrix_10460X13:0.0233883,(((Mus_cookii_10460X3:0.00752454,Mus_cervicolor_10460X10:0.00842881)<84>_61.7:0.0029363,Mus_caroli_10460X9:0.0131018)<85>_58.4:0.00327687,((Mus_spicilegus_10460X11:0.00300599,Mus_macedonicus_10460X12:0.00226083)<86>_62.5:0.0044846999999999995,((Mus_musculus-musculus_10460X14:0.00202301,Mus_musculus-castaneus_10460X7:0.00104627)<87>_49.2:0.00226813,(mm10:0.00097665,Mus_musculus-domesticus_10460X15:0.00158211)<88>_60.9:0.00216496)<89>_60.4:0.00385991)<90>_77.3:0.00930485)<91>_78.8:0.0119236)<92>_36.1:0.00231725)<93>_37.7:0.00259592)<94>_84.3:0.023866)<95>_40.4:0.00359225)<96>_40.4:0.00518)<97>_20.9:0.00179996)<98>_38.2:0.00373556)<99>_73.6:0.0170259)<100>:0.0161803)<101>;
4	0.002219255	4	9	((Lophiomys_imhausi_UM5152:0.0913384,Lophuromys_woosnami_LSUMZ37793:0.0977932)<1>:0.0149217,(((Phloeomys_cumingi_FMNH198472:0.00432513,Phloeomys_pallidus_JEC43:0.00448457)<2>_93.9:0.0260576,((Carpomys_melanurus_FMNH198723:0.0140483,Musseromys_anacuao_FMNH209523:0.0146864)<3>_90.1:0.0153824,(Crateromys_heaneyi_KU165014:0.0199721,Batomys_russatus_KU165776:0.0204474)<4>_82.1:0.0104859)<5>_72.6:0.00719277)<6>_83.5:0.0182673,(((((((((rnor6:0.012275369999999999,Rattus_exulans_sample1:0.0108653)<7>_32.6:0.00245658,(Rattus_xanthurus_LSUMZ39196:0.00383869,Rattus_praetor_sample1:0.007098457000000001)<8>_42.2:0.004640151)<9>_29.8:0.00220647,(Nesokia_indica_ABTC117074:0.00499874,Bandicota_indica_ABTC119185:0.00543974)<10>_75.9:0.00889891)<11>_39.9:0.00370836,(Eropeplus_canus_NMVZ21733:0.005601518,(Taeromys_taerae_LSUMZ39224:0.00586437,(Taeromys_punicans_MVZ225815:0.000180451,Taeromys_callitrichus_LSUMZ37153:0.00122307)<12>_71.0:0.00442483)<13>_41.6:0.00247767)<14>_15.9:0.0050849450000000004)<15>_55.5:0.00707647,(Berylmys_bowersi_ABTC116431:0.000957786,Berylmys_mackenziei_ABTC116402:0.00170709)<16>_88.4:0.0206282)<17>_69.4:0.0125527,(Saxatilomys_paulinae_ABTC116266:0.0206848,(((Niviventer_lepturus_JAE4746:0.0112527,(Niviventer_rapit_LSUMZ38196:0.00093629,Niviventer_bukit_LSUMZ38136:0.000654166)<18>_91.0:0.0108411)<19>_77.0:0.01042332,Leopoldomys_sabanus_Z25191:0.0167789)<20>_49.1:0.00283934,(Margaretamys_parvus_NMVZ21833:0.00626667,Margaretamys_christinae_TMar1:0.00716841)<21>_80.2:0.00762856)<22>_50.8:0.00309305)<23>_70.5:0.00822189)<24>_32.5:0.00221582,((Tateomys_rhinogradoides_Z21785:0.00750852,Tateomys_macrocercus_Z21834:0.008333565000000001)<25>_58.6:0.0053780600000000005,(Gracilimus_radix_Z08508:0.00879643,Waiomys_mamasae_Z20624:0.00814693)<26>_87.4:0.015210578)<27>_55.2:0.00471064)<28>_71.0:0.0140885,(Maxomys_surifer_JAE3632:0.0198057,(Maxomys_musschenbroekii_sample1:0.0158616,(Crunomys_melanius_KU168558:0.00519632,Crunomys_celebensis_Z21894:0.00596912)<29>_88.1:0.0137035)<30>_65.2:0.00615628)<31>_79.2:0.0129444)<32>_78.5:0.0229283,((((((((Zyzomys_woodwardi_WAMM21724:0.00836668,((Zyzomys_palatalis_ABTC30744:0.00469678,Zyzomys_argurus_ABTC61630:0.00429918)<33>_51.3:0.00226794,Zyzomys_maini_ABTC07900:0.00611801)<34>_47.1:0.00233344)<35>_64.6:0.00974509,(((Mesembriomys_macrurus_ABTC7337:0.00523706,Mesembriomys_gouldii_ABTC7449:0.00480362)<36>_68.1:0.00506544,Conilurus_albipes_NMV-c7585:0.008389259999999999)<37>_44.2:0.00227555,Leporillus_apicalis_C90:0.00915645)<38>_52.2:0.00675848)<39>_52.2:0.00496775,((Xeromys_myoides_ABTC30709:0.0130664,(Pseudohydromys_pumehanae_ABTC43920:0.00567204,Microhydromys_richardsoni_ANWCM35851:0.00846629)<40>_58.8:0.00295515)<41>_37.4:0.00291747,((Parahydromys_asper_ABTC45798:0.00254349,Hydromys_chrysogaster_Z5248:0.003984349999999999)<42>_70.7:0.00471842,Crossomys_moncktoni_ABTC46614:0.00498265)<43>_70.2:0.00611263)<44>_70.6:0.00881125)<45>_61.5:0.00921345,Coccymys_ruemmleri_ABTC49489:0.0248905)<46>_28.1:0.0040339799999999995,(((Chrotomys_whiteheadi_KU168311:0.00183664,Chrotomys_mindorensis_JAE520:0.00225017)<47>_90.1:0.017420539999999998,Archboldomys_luzonensis_EAR1826:0.0153091)<48>_63.6:0.00441274,Apomys_lubangensis_JAE169:0.0263566)<49>_75.4:0.0118356)<50>_46.0:0.0040288,Haeromys_minahassae_JAE4996:0.0332564)<51>_60.7:0.00752244,Chiropodomys_gliroides_Z25153:0.0414671)<52>_63.7:0.0110642,(((((Otomys_tropicalis_LSUMZ37841:0.0146802,Otomys_denti_LSUMZ37840:0.0105122)<53>_92.0:0.0258617,(((((Lemniscomys_striatus_TCD4711:0.0145029,(Arvicanthus_niloticus_MNHN1999201:0.00494553,Arvicanthus_neumanni_FMNH158037:0.00604647)<54>_83.3:0.00863905)<55>_69.4:0.00605239,((Pelomys_minor_FMNH219213:0.00902908,Pelomys_isseli_FMNH137886:0.00907414)<56>_73.6:0.00486124,Mylomys_dybowskii_MNHN1997072:0.013942)<57>_65.4:0.00460815)<58>_45.6:0.00235604,Rhabdomys_pumilio_MNHN1995065:0.0228995)<59>_73.6:0.01036,(Dasymys_montanus_FMNH144389:0.00114153,Dasymys_incomtus_LSUMZ37702:0.00132192)<60>_93.8:0.0263476)<61>_30.9:0.004516776,Oenomys_hypoxanthus_LSUMZ37838:0.0281561)<62>_58.6:0.00662201)<63>_61.7:0.00670455,Pithecheir_melanurus_LSUMZ38198:0.0372745)<64>_53.9:0.00545764,Vandeleuria_oleracea_ABTC116404:0.0603799)<65>_31.6:0.00315677,((Malacomys_longipes_TCD4253:0.0456868,Apodemus_sylvaticus_SMG3823:0.0646888)<66>_32.8:0.00291432,((((Myomyscus_verreauxii_MNHN1999102:0.0163445,(Zelotomys_woosnami_TTU-M115260:0.0124204,Colomys_goslingi_TCD4175:0.00924692)<67>_68.9:0.00528203)<68>_62.4:0.006047149999999999,(Praomys_jacksoni_REC31:0.00869142,Praomys_degraaffi_TCD4312:0.00944479)<69>_80.3:0.0105432)<70>_53.3:0.00375257,((Hylomyscus_stella_LSUMZ37742:0.0125533,Hylomyscus_vulcanorum_TCD4382:0.0118054)<71>_75.9:0.00633958,Heimyscus_fumosus_FMNH167810:0.0184213)<72>_68.8:0.00575339)<73>_86.0:0.0263945,(Mus_pahari_10460X1:0.0320107,((Mus_musculoides_LSUMZ37820:0.00872126,Mus_minutoides_10460X2:0.00792363)<74>_92.7:0.0244896,(Mus_platythrix_10460X13:0.0233883,(((Mus_cookii_10460X3:0.00752454,Mus_cervicolor_10460X10:0.00842881)<75>_61.7:0.0029363,Mus_caroli_10460X9:0.0131018)<76>_58.4:0.00327687,((Mus_spicilegus_10460X11:0.00300599,Mus_macedonicus_10460X12:0.00226083)<77>_62.5:0.0044846999999999995,((Mus_musculus-musculus_10460X14:0.00202301,Mus_musculus-castaneus_10460X7:0.00104627)<78>_49.2:0.00226813,(mm10:0.00097665,Mus_musculus-domesticus_10460X15:0.00158211)<79>_60.9:0.00216496)<80>_60.4:0.00385991)<81>_77.3:0.00930485)<82>_78.8:0.0119236)<83>_36.1:0.00231725)<84>_37.7:0.00259592)<85>_84.3:0.023866)<86>_40.4:0.00359225)<87>_40.4:0.00518)<88>_20.9:0.00179996)<89>_38.2:0.00373556)<90>_73.6:0.0170259)<91>:0.0161803)<92>;
# 12.04.2021  12:47:18  Writing summary stats to log  Success                                                     12.70236            0.01915         25.56641                 5485.53906          
# ===============================================================================================================================================================================
#
# Done!
#
# Pared 61 total branches and removed 95 total tips.
#
# The date and time at the end is: 12.04.2021 | 12:47:18
# Total execution time:            12.705 seconds.
# Output directory for this run:   min-spec-paring-astral-nrf25-exempt/
# Log file for this run:           min-spec-paring-astral-nrf25-exempt/min-spec-paring-astral-nrf25-exempt.log
# ===============================================================================================================================================================================
#
