# Tree pruning with heuristic metrics.
# Version Beta 1.0 released on October 2021
# pare was developed by Jeffrey Good, Gregg Thomas
#
# The date and time at the start is: 11.18.2021 | 08:35:43
# Using Python version:              3.9.4
#
# The program was called as:         pare.py -t full_coding_iqtree_concat.cf.rooted.tree -o min-spec-paring-concat-exempt-2 --overwrite -i 30 -e concat-exempt-branches.txt -g 50
#
# -----------------------------------------------------------------------------------------------------------------------------
# INPUT/OUTPUT INFO:
# Tree input type:                      file
# Tree file                             full_coding_iqtree_concat.cf.rooted.tree
# Output directory:                     min-spec-paring-concat-exempt-2
# Log file:                             min-spec-paring-concat-exempt-2.log
# -----------------------------------------------------------------------------------------------------------------------------
# OPTIONS INFO:
# Option                                Current setting               Current action
# Branch length percentile (-b)         10                            Branches will be considered for paring each iteration if they fall below this percentile of all branch lengths.
# Lower gCF threshold (-g)              50                            Branches will be considered for paring each iteration if they have a gCF lower than this.
# Maximum iterations of paring (-i)     30                            The program will stop paring after this many iterations, regardless of other settings.
# Total maximum tips to prune (-s)      Unlimited                     The program will stop paring after this tips have been pruned, regardless of other settings.
# Maximum tips to prune per branch (-m) 10                            Branches selected to prune that have more than this many species descending will be retained.
# -e                                    concat-exempt-branches.txt    pare will exempt the branches listed in this file from pruning.
# --overwrite                           True                          pare will OVERWRITE the existing files in the specified output directory.
# --quiet                               False                         Time, memory, and status info will be printed to the screen while pare is running.
# -------------------------------------------------------------------------------------------------------------------------------------------------------------------------------
# Date        Time      Current step                  Status                                                      Elapsed time (s)    Step time (s)   Current mem usage (MB)   Virtual mem usage (MB)
# -------------------------------------------------------------------------------------------------------------------------------------------------------------------------------
# 11.18.2021  08:35:43  Reading input file            Success: file read                                          0.30656             0.01683         24.35547                 5485.02344          
# 11.18.2021  08:35:43  Parsing input tree            Success: tree with 188 tips and 186 internal nodes read.    0.60582             0.29618         24.87109                 5485.27344          
# INFO: Original tree with node labels:	((Lophiomys_imhausi_UM5152,Lophuromys_woosnami_LSUMZ37793)<1>,(((Phloeomys_cumingi_FMNH198472,Phloeomys_pallidus_JEC43)<2>,((Carpomys_melanurus_FMNH198723,Musseromys_anacuao_FMNH209523)<3>,(Crateromys_heaneyi_KU165014,Batomys_russatus_KU165776)<4>)<5>)<6>,((((((((((rnor6,(Rattus_argentiventer_LSUMZ38199,Rattus_hoffmanni_LSUMZ39187)<7>)<8>,Rattus_exulans_sample1)<9>,(((Tarsomys_apoensis_KU167148,Limnomys_sibuanus_FMNH147948)<10>,(Rattus_xanthurus_LSUMZ39196,((((Rattus_villosissimus_sample1,Rattus_colletti_RAT25)<11>,(Rattus_tunneyi_RAT130,Rattus_lutreolus_sample2)<12>)<13>,(Rattus_leucopus_sample1,Rattus_praetor_sample1)<14>)<15>,Rattus_morotaiensis_ASAM29)<16>)<17>)<18>,Kadarsanomys_sodyi_MZB-Sample)<19>)<20>,(Nesokia_indica_ABTC117074,Bandicota_indica_ABTC119185)<21>)<22>,(((((((Genus_sp-nov_NMVZ21816,((Taeromys_celebensis_NMVZ20637,Paruromys_dominator_JAE4870)<23>,(Lenomys_meyeri_LSUMZ39079,Eropeplus_canus_NMVZ21733)<24>)<25>)<26>,((Taeromys_hamatus_NMVZ63317,Taeromys_taerae_LSUMZ39224)<27>,(Taeromys_punicans_MVZ225815,Taeromys_callitrichus_LSUMZ37153)<28>)<29>)<30>,((Bunomys_torajae_NMVZ21736,Bunomys_andrewsi_sample1)<31>,Bunomys_chrysocomus_JAE4867)<32>)<33>,Halmaheramys_bokimekot_33262-WD225)<34>,Bullimus_bagobus_JAE1712)<35>,Papagomys_armandvillei_WAMM32592)<36>,(Sundamys_annandalei_YS118,Sundamys_muelleri_JAE1283)<37>)<38>)<39>,(Berylmys_bowersi_ABTC116431,Berylmys_mackenziei_ABTC116402)<40>)<41>,(Saxatilomys_paulinae_ABTC116266,((((Niviventer_lepturus_JAE4746,(Niviventer_rapit_LSUMZ38196,Niviventer_bukit_LSUMZ38136)<42>)<43>,Anonymomys_mindorensis_FMNH2222010)<44>,Leopoldomys_sabanus_Z25191)<45>,(Margaretamys_parvus_NMVZ21833,Margaretamys_christinae_TMar1)<46>)<47>)<48>)<49>,(((Paucidentomys_vermidax_Z21914,Echiothrix_centrosa_Z27993)<50>,(Tateomys_rhinogradoides_Z21785,(Melasmothrix_naso_Z21808,Tateomys_macrocercus_Z21834)<51>)<52>)<53>,(((Gracilimus_radix_Z08508,Waiomys_mamasae_Z20624)<54>,Sommeromys_macrorhinos_Z21740)<55>,Hyorhinomys_stuempkei_JAE4661)<56>)<57>)<58>,(Maxomys_surifer_JAE3632,(Maxomys_musschenbroekii_sample1,(Crunomys_melanius_KU168558,Crunomys_celebensis_Z21894)<59>)<60>)<61>)<62>,((((((((((((Zyzomys_pedunculatus_Z34925,Zyzomys_woodwardi_WAMM21724)<63>,((Zyzomys_palatalis_ABTC30744,Zyzomys_argurus_ABTC61630)<64>,Zyzomys_maini_ABTC07900)<65>)<66>,(((((((Pseudomys_oralis_RAT7,(Pseudomys_shortridgei_Z25113,Pseudomys_desertor_ABTC41464)<67>)<68>,(Pseudomys_nanus_U1448,Pseudomys_gracilicaudatus_ABTC08163)<69>)<70>,(((Pseudomys_higginsi_UC1421,(((Pseudomys_bolami_ABTC107389,Pseudomys_novaehollandiae_ABTC08140)<71>,Pseudomys_delicatulus_U1509)<72>,Pseudomys_hermannsburgensis_ABTC08067)<73>)<74>,Mastacomys_fuscus_M13957)<75>,Pseudomys_australis_M25541)<76>)<77>,(Pseudomys_fumeus_ABTC08168,(Pseudomys_apodemoides_M16672,Pseudomys_albocinereus_WAMM18855)<78>)<79>)<80>,Pseudomys_occidentalis_ABTC08043)<81>,((((Pseudomys_patrius_JM10865,Pseudomys_johnsoni_ABTC08053)<82>,Pseudomys_chapmani_WAMM29440)<83>,Pseudomys_calabyi_U4324)<84>,((((Notomys_mitchellii_M21518,Notomys_alexis_U1308)<85>,Notomys_fuscus_M22830)<86>,Notomys_aquilo_M-32455)<87>,Notomys_cervinus_M22857)<88>)<89>)<90>,(Leggadina_lakedownensis_WAMM21623,Leggadina_forresti_WAMM62323)<91>)<92>)<93>,(((Uromys_sp-nov_YS380,Uromys_caudimaculatus_DT10Uc01)<94>,(Solomys_salebrosus_ABTC64864,Melomys_rufescens_ABTC44798)<95>)<96>,(((Mesembriomys_macrurus_ABTC7337,Mesembriomys_gouldii_ABTC7449)<97>,(Conilurus_penicillatus_M14056,Conilurus_albipes_NMV-c7585)<98>)<99>,(Leporillus_conditor_ABTC13335,Leporillus_apicalis_C90)<100>)<101>)<102>)<103>,(((Paraleptomys_wilhelmina_H126-ABTC133716,(Mirzamys_louiseae_ABTC133754,Leptomys_elegans_ABTC45741)<104>)<105>,(Xeromys_myoides_ABTC30709,(Pseudohydromys_pumehanae_ABTC43920,Microhydromys_richardsoni_ANWCM35851)<106>)<107>)<108>,((Parahydromys_asper_ABTC45798,(Hydromys_sp-nov_YS391,Hydromys_chrysogaster_Z5248)<109>)<110>,Crossomys_moncktoni_ABTC46614)<111>)<112>)<113>,((Mallomys_rothschildi_ABTC47402,(Pogonomelomys_mayeri_AMM21849,Abeomelomys_sevia_KUM161018)<114>)<115>,(Xenuromys_barbatus_ABTC129204,Mammelomys_lanosus_ABTC47208)<116>)<117>)<118>,Coccymys_ruemmleri_ABTC49489)<119>,(((((Hyomys_goliath_ABTC42697,Pogonomys_macrourus_ABTC43144)<120>,Chiruromys_vates_ABTC43096)<121>,Macruromys_major_ABTC43909)<122>,Lorentzimys_nouhuysi_ABTC-46314)<123>,Anisomys_imitator_ABTC45107)<124>)<125>,((((Chrotomys_whiteheadi_KU168311,Chrotomys_mindorensis_JAE520)<126>,Rhynchomys_isarogensis_JAE2195)<127>,Archboldomys_luzonensis_EAR1826)<128>,Apomys_lubangensis_JAE169)<129>)<130>,Haeromys_minahassae_JAE4996)<131>,Chiropodomys_gliroides_Z25153)<132>,(((((Otomys_tropicalis_LSUMZ37841,Otomys_denti_LSUMZ37840)<133>,(((((((Lemniscomys_striatus_TCD4711,(Arvicanthus_niloticus_MNHN1999201,Arvicanthus_neumanni_FMNH158037)<134>)<135>,((Pelomys_minor_FMNH219213,Pelomys_isseli_FMNH137886)<136>,Mylomys_dybowskii_MNHN1997072)<137>)<138>,Rhabdomys_pumilio_MNHN1995065)<139>,(Dasymys_montanus_FMNH144389,Dasymys_incomtus_LSUMZ37702)<140>)<141>,(((Aethomys_hindei_MVZ196257,Aethomys_nyikae_FMNH196708)<142>,(((Thamnomys_venustus_LSUMZ37935,Thamnomys_kempi_TCD4437)<143>,Grammomys_dryas_LSUMZ37716)<144>,Thallomys_paedulcus_FMNH158089)<145>)<146>,Micaelemys_namaquensis_MNHN1987009)<147>)<148>,(((Stochomys_longicaudatus_MNHN1999459,Dephomys_defua_MNHNR24062)<149>,(Hybomys_univittatus_TCD4026,Hybomys_lunaris_LSUMZ37734)<150>)<151>,Hybomys_planifrons_R24117)<152>)<153>,Oenomys_hypoxanthus_LSUMZ37838)<154>)<155>,Pithecheir_melanurus_LSUMZ38198)<156>,Vandeleuria_oleracea_ABTC116404)<157>,((Malacomys_longipes_TCD4253,Apodemus_sylvaticus_SMG3823)<158>,(((((Myomyscus_verreauxii_MNHN1999102,(Zelotomys_woosnami_TTU-M115260,Colomys_goslingi_TCD4175)<159>)<160>,Mastomys_natalensis_T4162)<161>,(Praomys_jacksoni_REC31,Praomys_degraaffi_TCD4312)<162>)<163>,((Hylomyscus_stella_LSUMZ37742,Hylomyscus_vulcanorum_TCD4382)<164>,Heimyscus_fumosus_FMNH167810)<165>)<166>,(Mus_pahari_10460X1,((Mus_minutoides_10460X2,Mus_musculoides_LSUMZ37820)<167>,(Mus_platythrix_10460X13,(((Mus_cookii_10460X3,Mus_cervicolor_10460X10)<168>,Mus_caroli_10460X9)<169>,((Mus_spretus_10460X4,(Mus_spicilegus_10460X11,Mus_macedonicus_10460X12)<170>)<171>,(((Mus_musculus-reference_10460X5,Mus_musculus-musculus_10460X14)<172>,Mus_musculus-castaneus_10460X7)<173>,(mm10,Mus_musculus-domesticus_10460X15)<174>)<175>)<176>)<177>)<178>)<179>)<180>)<181>)<182>)<183>)<184>)<185>)<186>)<187>
# 11.18.2021  08:35:43  Reading exempt branches       Success: 15 branches will be exempt from paring.            0.61898             0.00704         24.87109                 5485.27344          
# --------------------------------------------------
# INFO: Branch <8> chosen for paring. Branch rnor6 chosen for pruning, but is exempt. Switching to sister branch.
# INFO: Branch <8> chosen for paring. Branch <7> will be pruned and remove 2 species
# INFO: Branch <12> chosen for paring. Branch Rattus_tunneyi_RAT130 will be pruned and remove 1 species
# INFO: Branch <18> chosen for paring. Branch <10> chosen for pruning, but is exempt. Switching to sister branch.
# INFO: Branch <18> chosen for paring. Sister branch <17> is also exempt. Skipping paring.
# INFO: Branch <19> chosen for paring. Branch Kadarsanomys_sodyi_MZB-Sample will be pruned and remove 1 species
# INFO: Branch <24> chosen for paring. Branch Lenomys_meyeri_LSUMZ39079 will be pruned and remove 1 species
# INFO: Branch <25> chosen for paring. Branch <23> will be pruned and remove 2 species
# INFO: Branch <26> chosen for paring. Branch Genus_sp-nov_NMVZ21816 will be pruned and remove 1 species
# INFO: Branch <30> chosen for paring. Branch <29> will be pruned and remove 4 species
# INFO: Branch <31> chosen for paring. Branch Bunomys_torajae_NMVZ21736 will be pruned and remove 1 species
# INFO: Branch <33> chosen for paring. Branch <32> chosen for pruning, but is exempt. Switching to sister branch.
# INFO: Branch <33> chosen for paring. Branch <30> will be pruned and remove 9 species
# INFO: Branch <34> chosen for paring. Branch Halmaheramys_bokimekot_33262-WD225 will be pruned and remove 1 species
# INFO: Branch <35> chosen for paring. Branch Bullimus_bagobus_JAE1712 will be pruned and remove 1 species
# INFO: Branch <36> chosen for paring. Branch Papagomys_armandvillei_WAMM32592 will be pruned and remove 1 species
# INFO: Branch <51> chosen for paring. Branch Melasmothrix_naso_Z21808 will be pruned and remove 1 species
# INFO: Branch <55> chosen for paring. Branch Sommeromys_macrorhinos_Z21740 will be pruned and remove 1 species
# INFO: Branch <56> chosen for paring. Branch Hyorhinomys_stuempkei_JAE4661 will be pruned and remove 1 species
# INFO: Branch <70> chosen for paring. Branch <69> will be pruned and remove 2 species
# INFO: Branch <71> chosen for paring. Branch Pseudomys_bolami_ABTC107389 will be pruned and remove 1 species
# INFO: Branch <74> chosen for paring. Branch Pseudomys_higginsi_UC1421 will be pruned and remove 1 species
# INFO: Branch <75> chosen for paring. Branch Mastacomys_fuscus_M13957 will be pruned and remove 1 species
# INFO: Branch <77> chosen for paring. Branch <70> will be pruned and remove 5 species
# INFO: Branch <83> chosen for paring. Branch Pseudomys_chapmani_WAMM29440 will be pruned and remove 1 species
# INFO: Branch <85> chosen for paring. Branch Notomys_mitchellii_M21518 will be pruned and remove 1 species
# INFO: Branch <86> chosen for paring. Branch Notomys_fuscus_M22830 will be pruned and remove 1 species
# INFO: Branch <89> chosen for paring. Branch <84> will be pruned and remove 4 species
# INFO: Branch <92> chosen for paring. Branch <91> will be pruned and remove 2 species
# INFO: Branch <104> chosen for paring. Branch Mirzamys_louiseae_ABTC133754 will be pruned and remove 1 species
# INFO: Branch <105> chosen for paring. Branch Paraleptomys_wilhelmina_H126-ABTC133716 will be pruned and remove 1 species
# INFO: Branch <108> chosen for paring. Branch <105> will be pruned and remove 3 species
# INFO: Branch <118> chosen for paring. Branch <117> will be pruned and remove 5 species
# INFO: Branch <121> chosen for paring. Branch Chiruromys_vates_ABTC43096 will be pruned and remove 1 species
# INFO: Branch <122> chosen for paring. Branch Macruromys_major_ABTC43909 will be pruned and remove 1 species
# INFO: Branch <123> chosen for paring. Branch Lorentzimys_nouhuysi_ABTC-46314 will be pruned and remove 1 species
# INFO: Branch <124> chosen for paring. Branch Anisomys_imitator_ABTC45107 will be pruned and remove 1 species
# INFO: Branch <145> chosen for paring. Branch Thallomys_paedulcus_FMNH158089 will be pruned and remove 1 species
# INFO: Branch <148> chosen for paring. Branch <147> will be pruned and remove 7 species
# INFO: Branch <153> chosen for paring. Branch <152> will be pruned and remove 5 species
# 11.18.2021  08:35:51  Paring iteration 1            Success: 60 tips removed, 36 branches pared.                8.19392             7.56935         25.55469                 5485.52344          
# INFO: Branch length threshold for iteration:	0.0011926540000000005
# 11.18.2021  08:35:51  Writing iteration 1 files     Success                                                     8.20867             0.00771         25.55469                 5485.52344          
# --------------------------------------------------
# INFO: Branch <10> chosen for paring. Branch Rattus_lutreolus_sample2 will be pruned and remove 1 species
# INFO: Branch <11> chosen for paring. Branch Rattus_leucopus_sample1 will be pruned and remove 1 species
# INFO: Branch <12> chosen for paring. Branch <11> chosen for pruning, but is exempt. Switching to sister branch.
# INFO: Branch <12> chosen for paring. Branch <10> will be pruned and remove 3 species
# INFO: Branch <13> chosen for paring. Branch Rattus_morotaiensis_ASAM29 will be pruned and remove 1 species
# INFO: Branch <21> chosen for paring. Branch <19> chosen for pruning, but is exempt. Switching to sister branch.
# INFO: Branch <21> chosen for paring. Sister branch <20> is also exempt. Skipping paring.
# INFO: Branch <33> chosen for paring. Branch Paucidentomys_vermidax_Z21914 will be pruned and remove 1 species
# INFO: Branch <35> chosen for paring. Branch <33> will be pruned and remove 2 species
# INFO: Branch <43> chosen for paring. Branch Zyzomys_pedunculatus_Z34925 will be pruned and remove 1 species
# INFO: Branch <47> chosen for paring. Branch Pseudomys_novaehollandiae_ABTC08140 will be pruned and remove 1 species
# INFO: Branch <52> chosen for paring. Branch <51> will be pruned and remove 3 species
# INFO: Branch <53> chosen for paring. Branch Pseudomys_occidentalis_ABTC08043 will be pruned and remove 1 species
# INFO: Branch <60> chosen for paring. Branch <58> will be pruned and remove 2 species
# INFO: Branch <62> chosen for paring. Branch Conilurus_penicillatus_M14056 will be pruned and remove 1 species
# INFO: Branch <66> chosen for paring. Branch <60> will be pruned and remove 4 species
# INFO: Branch <70> chosen for paring. Branch Hydromys_sp-nov_YS391 will be pruned and remove 1 species
# INFO: Branch <75> chosen for paring. Branch Coccymys_ruemmleri_ABTC49489 will be pruned and remove 1 species
# INFO: Branch <79> chosen for paring. Branch Rhynchomys_isarogensis_JAE2195 will be pruned and remove 1 species
# INFO: Branch <101> chosen for paring. Branch Mastomys_natalensis_T4162 will be pruned and remove 1 species
# INFO: Branch <111> chosen for paring. Branch Mus_spretus_10460X4 will be pruned and remove 1 species
# INFO: Branch <112> chosen for paring. Branch Mus_musculus-reference_10460X5 will be pruned and remove 1 species
# INFO: Branch <123> chosen for paring. Branch <97> chosen for pruning, but is exempt. Switching to sister branch.
# INFO: Branch <123> chosen for paring. Sister branch <122> is also exempt. Skipping paring.
# 11.18.2021  08:35:53  Paring iteration 2            Success: 24 tips removed, 19 branches pared.                10.64244            2.42775         25.55859                 5485.52344          
# INFO: Branch length threshold for iteration:	0.001967177
# 11.18.2021  08:35:53  Writing iteration 2 files     Success                                                     10.67321            0.02464         25.55859                 5485.52344          
# --------------------------------------------------
# INFO: Branch <7> chosen for paring. Branch rnor6 chosen for pruning, but is exempt. Switching to sister branch.
# INFO: Branch <7> chosen for paring. Branch Rattus_exulans_sample1 will be pruned and remove 1 species
# INFO: Branch <10> chosen for paring. Branch <8> chosen for pruning, but is exempt. Switching to sister branch.
# INFO: Branch <10> chosen for paring. Sister branch <9> is also exempt. Skipping paring.
# INFO: Branch <11> chosen for paring. Branch <7> chosen for pruning, but is exempt. Switching to sister branch.
# INFO: Branch <11> chosen for paring. Sister branch <10> is also exempt. Skipping paring.
# INFO: Branch <16> chosen for paring. Branch <14> chosen for pruning, but is exempt. Switching to sister branch.
# INFO: Branch <16> chosen for paring. Sister branch <15> is also exempt. Skipping paring.
# INFO: Branch <22> chosen for paring. Branch Anonymomys_mindorensis_FMNH2222010 will be pruned and remove 1 species
# INFO: Branch <27> chosen for paring. Branch <26> chosen for pruning, but is exempt. Switching to sister branch.
# INFO: Branch <27> chosen for paring. Sister branch <19> is also exempt. Skipping paring.
# INFO: Branch <37> chosen for paring. Branch Zyzomys_maini_ABTC07900 will be pruned and remove 1 species
# INFO: Branch <44> chosen for paring. Branch <38> will be pruned and remove 4 species
# INFO: Branch <46> chosen for paring. Branch Conilurus_albipes_NMV-c7585 will be pruned and remove 1 species
# INFO: Branch <57> chosen for paring. Branch <56> will be pruned and remove 2 species
# INFO: Branch <69> chosen for paring. Branch <66> will be pruned and remove 3 species
# INFO: Branch <94> chosen for paring. Branch Mus_platythrix_10460X13 will be pruned and remove 1 species
# INFO: Branch <95> chosen for paring. Branch <85> will be pruned and remove 2 species
# INFO: Branch <99> chosen for paring. Branch <76> chosen for pruning, but is exempt. Switching to sister branch.
# INFO: Branch <99> chosen for paring. Sister branch <98> is also exempt. Skipping paring.
# 11.18.2021  08:35:55  Paring iteration 3            Success: 15 tips removed, 9 branches pared.                 12.03192            1.35358         25.55859                 5485.52344          
# INFO: Branch length threshold for iteration:	0.00244841
# 11.18.2021  08:35:55  Writing iteration 3 files     Success                                                     12.04528            0.0067          25.55859                 5485.52344          
# --------------------------------------------------
# INFO: Branch <8> chosen for paring. Branch Rattus_xanthurus_LSUMZ39196 will be pruned and remove 1 species
# INFO: Branch <9> chosen for paring. Branch <7> chosen for pruning, but is exempt. Switching to sister branch.
# INFO: Branch <9> chosen for paring. Sister branch <8> is also exempt. Skipping paring.
# INFO: Branch <10> chosen for paring. Branch rnor6 chosen for pruning, but is exempt. Switching to sister branch.
# INFO: Branch <10> chosen for paring. Sister branch <9> is also exempt. Skipping paring.
# INFO: Branch <15> chosen for paring. Branch <13> chosen for pruning, but is exempt. Switching to sister branch.
# INFO: Branch <15> chosen for paring. Sister branch <14> is also exempt. Skipping paring.
# INFO: Branch <21> chosen for paring. Branch Leopoldomys_sabanus_Z25191 will be pruned and remove 1 species
# INFO: Branch <25> chosen for paring. Branch <24> chosen for pruning, but is exempt. Switching to sister branch.
# INFO: Branch <25> chosen for paring. Sister branch <18> is also exempt. Skipping paring.
# INFO: Branch <44> chosen for paring. Branch Xeromys_myoides_ABTC30709 will be pruned and remove 1 species
# INFO: Branch <64> chosen for paring. Branch Vandeleuria_oleracea_ABTC116404 will be pruned and remove 1 species
# INFO: Branch <76> chosen for paring. Branch Mus_musculus-musculus_10460X14 will be pruned and remove 1 species
# INFO: Branch <84> chosen for paring. Branch <64> chosen for pruning, but is exempt. Switching to sister branch.
# INFO: Branch <84> chosen for paring. Sister branch <83> is also exempt. Skipping paring.
# 11.18.2021  08:35:55  Paring iteration 4            Success: 5 tips removed, 5 branches pared.                  12.46833            0.41821         25.55859                 5485.52344          
# INFO: Branch length threshold for iteration:	0.00291474
# 11.18.2021  08:35:55  Writing iteration 4 files     Success                                                     12.48163            0.00676         25.55859                 5485.52344          
# --------------------------------------------------
# INFO: Branch <8> chosen for paring. Branch Rattus_praetor_sample1 chosen for pruning, but is exempt. Switching to sister branch.
# INFO: Branch <8> chosen for paring. Sister branch <7> is also exempt. Skipping paring.
# INFO: Branch <9> chosen for paring. Branch rnor6 chosen for pruning, but is exempt. Switching to sister branch.
# INFO: Branch <9> chosen for paring. Sister branch <8> is also exempt. Skipping paring.
# INFO: Branch <14> chosen for paring. Branch <12> chosen for pruning, but is exempt. Switching to sister branch.
# INFO: Branch <14> chosen for paring. Sister branch <13> is also exempt. Skipping paring.
# INFO: Branch <23> chosen for paring. Branch <22> chosen for pruning, but is exempt. Switching to sister branch.
# INFO: Branch <23> chosen for paring. Sister branch <17> is also exempt. Skipping paring.
# INFO: Branch <61> chosen for paring. Branch Malacomys_longipes_TCD4253 will be pruned and remove 1 species
# INFO: Branch <79> chosen for paring. Branch <60> chosen for pruning, but is exempt. Switching to sister branch.
# INFO: Branch <79> chosen for paring. Sister branch <78> is also exempt. Skipping paring.
# 11.18.2021  08:35:55  Paring iteration 5            Success: 1 tips removed, 1 branches pared.                  12.6236             0.13653         25.55859                 5485.52344          
# INFO: Branch length threshold for iteration:	0.003236875
# 11.18.2021  08:35:55  Writing iteration 5 files     Success                                                     12.63688            0.00709         25.55859                 5485.52344          
# --------------------------------------------------
# INFO: Branch <8> chosen for paring. Branch Rattus_praetor_sample1 chosen for pruning, but is exempt. Switching to sister branch.
# INFO: Branch <8> chosen for paring. Sister branch <7> is also exempt. Skipping paring.
# INFO: Branch <9> chosen for paring. Branch rnor6 chosen for pruning, but is exempt. Switching to sister branch.
# INFO: Branch <9> chosen for paring. Sister branch <8> is also exempt. Skipping paring.
# INFO: Branch <14> chosen for paring. Branch <12> chosen for pruning, but is exempt. Switching to sister branch.
# INFO: Branch <14> chosen for paring. Sister branch <13> is also exempt. Skipping paring.
# INFO: Branch <23> chosen for paring. Branch <22> chosen for pruning, but is exempt. Switching to sister branch.
# INFO: Branch <23> chosen for paring. Sister branch <17> is also exempt. Skipping paring.
# INFO: Branch <78> chosen for paring. Branch <60> chosen for pruning, but is exempt. Switching to sister branch.
# INFO: Branch <78> chosen for paring. Sister branch <77> is also exempt. Skipping paring.
# 11.18.2021  08:35:55  Paring iteration 6            Success: No branches pared this iteration. Exiting.         12.70404            0.06187         25.55859                 5485.52344          
# INFO: Branch length threshold for iteration:	0.003276525
# --------------------------------------------------
iteration	branch length threshold	branches pared	tips pruned	tree
0	NA	NA	NA	((Lophiomys_imhausi_UM5152:0.0913526,Lophuromys_woosnami_LSUMZ37793:0.0969014)<1>:0.0143161,(((Phloeomys_cumingi_FMNH198472:0.00488693,Phloeomys_pallidus_JEC43:0.00602685)<2>_93.9:0.0247429,((Carpomys_melanurus_FMNH198723:0.014042,Musseromys_anacuao_FMNH209523:0.0148519)<3>_90.1:0.0144553,(Crateromys_heaneyi_KU165014:0.0196026,Batomys_russatus_KU165776:0.0211216)<4>_82.1:0.00982434)<5>_72.6:0.00673681)<6>_83.5:0.0173161,((((((((((rnor6:0.0115068,(Rattus_argentiventer_LSUMZ38199:0.00665828,Rattus_hoffmanni_LSUMZ39187:0.00590301)<7>_46.7:0.00253796)<8>_20.8:0.000832316,Rattus_exulans_sample1:0.0123947)<9>_32.6:0.0023039,(((Tarsomys_apoensis_KU167148:0.00722373,Limnomys_sibuanus_FMNH147948:0.00710554)<10>_56.9:0.00352638,(Rattus_xanthurus_LSUMZ39196:0.0045968,((((Rattus_villosissimus_sample1:0.00613934,Rattus_colletti_RAT25:0.00230085)<11>_48.8:0.00224717,(Rattus_tunneyi_RAT130:0.00615136,Rattus_lutreolus_sample2:0.00764097)<12>_17.3:0.00101005)<13>_26.3:0.00151141,(Rattus_leucopus_sample1:0.00680641,Rattus_praetor_sample1:0.00779691)<14>_16.7:0.00189754)<15>_26.8:0.0018589,Rattus_morotaiensis_ASAM29:0.00427482)<16>_42.1:0.00188302)<17>_42.2:0.00252559)<18>_21.7:0.00114599,Kadarsanomys_sodyi_MZB-Sample:0.0142425)<19>_16.9:0.00102623)<20>_29.8:0.00205525,(Nesokia_indica_ABTC117074:0.0073314,Bandicota_indica_ABTC119185:0.00728978)<21>_75.9:0.00925269)<22>_39.9:0.00336269,(((((((Genus_sp-nov_NMVZ21816:0.00846182,((Taeromys_celebensis_NMVZ20637:0.0076776,Paruromys_dominator_JAE4870:0.00979534)<23>_24.8:0.00143426,(Lenomys_meyeri_LSUMZ39079:0.00719693,Eropeplus_canus_NMVZ21733:0.00587545)<24>_14.6:0.000576422)<25>_17.8:0.00107347)<26>_9.32:0.000440589,((Taeromys_hamatus_NMVZ63317:0.00740168,Taeromys_taerae_LSUMZ39224:0.00552411)<27>_47.4:0.00262705,(Taeromys_punicans_MVZ225815:0.00100139,Taeromys_callitrichus_LSUMZ37153:0.00344109)<28>_71.0:0.0036796)<29>_41.6:0.00249505)<30>_15.9:0.00091212,((Bunomys_torajae_NMVZ21736:0.00622408,Bunomys_andrewsi_sample1:0.0126005)<31>_15.2:0.000952885,Bunomys_chrysocomus_JAE4867:0.00683093)<32>_43.4:0.00321773)<33>_13.0:0.000644942,Halmaheramys_bokimekot_33262-WD225:0.00977676)<34>_8.45:0.000393311,Bullimus_bagobus_JAE1712:0.014485)<35>_6.95:0.000344006,Papagomys_armandvillei_WAMM32592:0.0106468)<36>_16.6:0.000994241,(Sundamys_annandalei_YS118:0.00782202,Sundamys_muelleri_JAE1283:0.0107324)<37>_57.3:0.00517198)<38>_26.3:0.00191451)<39>_55.5:0.00637769,(Berylmys_bowersi_ABTC116431:0.00173278,Berylmys_mackenziei_ABTC116402:0.00582014)<40>_88.4:0.0192075)<41>_69.4:0.0116669,(Saxatilomys_paulinae_ABTC116266:0.0211161,((((Niviventer_lepturus_JAE4746:0.0125972,(Niviventer_rapit_LSUMZ38196:0.00245659,Niviventer_bukit_LSUMZ38136:0.00174304)<42>_91.0:0.010901)<43>_77.0:0.00804749,Anonymomys_mindorensis_FMNH2222010:0.0142505)<44>_43.1:0.00198782,Leopoldomys_sabanus_Z25191:0.0172506)<45>_49.1:0.00283278,(Margaretamys_parvus_NMVZ21833:0.00653036,Margaretamys_christinae_TMar1:0.00851704)<46>_80.2:0.00746727)<47>_50.8:0.00289283)<48>_70.5:0.00774569)<49>_32.5:0.00217893,(((Paucidentomys_vermidax_Z21914:0.0133425,Echiothrix_centrosa_Z27993:0.0148614)<50>_30.2:0.0014945,(Tateomys_rhinogradoides_Z21785:0.00810942,(Melasmothrix_naso_Z21808:0.00820755,Tateomys_macrocercus_Z21834:0.00968369)<51>_29.3:0.000959111)<52>_58.6:0.00440079)<53>_25.6:0.00127349,(((Gracilimus_radix_Z08508:0.0090763,Waiomys_mamasae_Z20624:0.00872866)<54>_87.4:0.0138047,Sommeromys_macrorhinos_Z21740:0.0164374)<55>_18.6:0.00050535,Hyorhinomys_stuempkei_JAE4661:0.0159402)<56>_17.0:0.00050271)<57>_55.2:0.00505906)<58>_71.0:0.0131336,(Maxomys_surifer_JAE3632:0.0202665,(Maxomys_musschenbroekii_sample1:0.020408,(Crunomys_melanius_KU168558:0.00617075,Crunomys_celebensis_Z21894:0.00751685)<59>_88.1:0.013259)<60>_65.2:0.00586096)<61>_79.2:0.0121536)<62>_78.5:0.0211006,((((((((((((Zyzomys_pedunculatus_Z34925:0.00790414,Zyzomys_woodwardi_WAMM21724:0.00998445)<63>_36.5:0.00163262,((Zyzomys_palatalis_ABTC30744:0.00653035,Zyzomys_argurus_ABTC61630:0.00548362)<64>_51.3:0.00234312,Zyzomys_maini_ABTC07900:0.00750918)<65>_47.1:0.00238752)<66>_64.6:0.00789607,(((((((Pseudomys_oralis_RAT7:0.00855922,(Pseudomys_shortridgei_Z25113:0.00570225,Pseudomys_desertor_ABTC41464:0.00373508)<67>_72.7:0.00671971)<68>_26.5:0.00144003,(Pseudomys_nanus_U1448:0.00460116,Pseudomys_gracilicaudatus_ABTC08163:0.00531498)<69>_75.6:0.00913319)<70>_8.94:0.000672357,(((Pseudomys_higginsi_UC1421:0.00744657,(((Pseudomys_bolami_ABTC107389:0.0053946,Pseudomys_novaehollandiae_ABTC08140:0.00396835)<71>_27.2:0.00075138,Pseudomys_delicatulus_U1509:0.00516128)<72>_38.3:0.00141792,Pseudomys_hermannsburgensis_ABTC08067:0.0063221)<73>_50.6:0.00309687)<74>_25.0:0.00107676,Mastacomys_fuscus_M13957:0.00819405)<75>_20.9:0.0011659,Pseudomys_australis_M25541:0.00842429)<76>_19.9:0.00157665)<77>_11.4:0.00106965,(Pseudomys_fumeus_ABTC08168:0.00902826,(Pseudomys_apodemoides_M16672:0.00437813,Pseudomys_albocinereus_WAMM18855:0.00526016)<78>_74.9:0.00688157)<79>_32.0:0.00206868)<80>_17.5:0.0014352,Pseudomys_occidentalis_ABTC08043:0.0112903)<81>_24.7:0.00153321,((((Pseudomys_patrius_JM10865:0.00663134,Pseudomys_johnsoni_ABTC08053:0.00399728)<82>_45.3:0.00182677,Pseudomys_chapmani_WAMM29440:0.00801623)<83>_30.4:0.000946006,Pseudomys_calabyi_U4324:0.00788387)<84>_65.6:0.00668165,((((Notomys_mitchellii_M21518:0.00834051,Notomys_alexis_U1308:0.00336855)<85>_19.0:0.00080302,Notomys_fuscus_M22830:0.00480515)<86>_21.8:0.000774053,Notomys_aquilo_M-32455:0.00495849)<87>_66.1:0.00564795,Notomys_cervinus_M22857:0.00973772)<88>_43.3:0.00279353)<89>_22.1:0.00116025)<90>_45.2:0.00386443,(Leggadina_lakedownensis_WAMM21623:0.00386248,Leggadina_forresti_WAMM62323:0.00453021)<91>_88.2:0.0176175)<92>_17.1:0.000643866)<93>_31.9:0.00216733,(((Uromys_sp-nov_YS380:0.00413714,Uromys_caudimaculatus_DT10Uc01:0.00355024)<94>_82.4:0.00936734,(Solomys_salebrosus_ABTC64864:0.00921667,Melomys_rufescens_ABTC44798:0.00813018)<95>_70.1:0.00687478)<96>_34.0:0.00180104,(((Mesembriomys_macrurus_ABTC7337:0.00768363,Mesembriomys_gouldii_ABTC7449:0.00572483)<97>_68.1:0.00504538,(Conilurus_penicillatus_M14056:0.00975111,Conilurus_albipes_NMV-c7585:0.00932833)<98>_39.8:0.0015932)<99>_44.2:0.00233443,(Leporillus_conditor_ABTC13335:0.0114142,Leporillus_apicalis_C90:0.0122115)<100>_34.3:0.00336182)<101>_52.2:0.00525892)<102>_30.9:0.00185234)<103>_52.2:0.00475519,(((Paraleptomys_wilhelmina_H126-ABTC133716:0.0100993,(Mirzamys_louiseae_ABTC133754:0.00832959,Leptomys_elegans_ABTC45741:0.012346)<104>_27.1:0.000972083)<105>_18.6:0.000694995,(Xeromys_myoides_ABTC30709:0.0130651,(Pseudohydromys_pumehanae_ABTC43920:0.00730162,Microhydromys_richardsoni_ANWCM35851:0.00922276)<106>_58.8:0.00317351)<107>_37.4:0.00177079)<108>_24.7:0.000997267,((Parahydromys_asper_ABTC45798:0.00450704,(Hydromys_sp-nov_YS391:0.00242458,Hydromys_chrysogaster_Z5248:0.00609369)<109>_47.7:0.00169383)<110>_70.7:0.00513981,Crossomys_moncktoni_ABTC46614:0.00535745)<111>_70.2:0.00602911)<112>_70.6:0.00850292)<113>_61.5:0.00776901,((Mallomys_rothschildi_ABTC47402:0.0171854,(Pogonomelomys_mayeri_AMM21849:0.0152572,Abeomelomys_sevia_KUM161018:0.0143575)<114>_65.3:0.0053355)<115>_38.0:0.00178503,(Xenuromys_barbatus_ABTC129204:0.016145,Mammelomys_lanosus_ABTC47208:0.0201994)<116>_65.6:0.00583485)<117>_57.2:0.00547594)<118>_19.1:0.000929686,Coccymys_ruemmleri_ABTC49489:0.0243119)<119>_28.1:0.00175595,(((((Hyomys_goliath_ABTC42697:0.0194244,Pogonomys_macrourus_ABTC43144:0.0239554)<120>_26.9:0.00138565,Chiruromys_vates_ABTC43096:0.0275416)<121>_22.1:0.00109433,Macruromys_major_ABTC43909:0.0216422)<122>_12.6:0.000520585,Lorentzimys_nouhuysi_ABTC-46314:0.0330373)<123>_9.99:0.000359836,Anisomys_imitator_ABTC45107:0.0180685)<124>_13.9:0.000546353)<125>_32.7:0.00207543,((((Chrotomys_whiteheadi_KU168311:0.00425834,Chrotomys_mindorensis_JAE520:0.00323997)<126>_90.1:0.0149437,Rhynchomys_isarogensis_JAE2195:0.0154551)<127>_40.6:0.00136456,Archboldomys_luzonensis_EAR1826:0.0165904)<128>_63.6:0.00445366,Apomys_lubangensis_JAE169:0.0270335)<129>_75.4:0.0115543)<130>_46.0:0.0040258,Haeromys_minahassae_JAE4996:0.0342833)<131>_60.7:0.00721661,Chiropodomys_gliroides_Z25153:0.041576)<132>_63.7:0.0102787,(((((Otomys_tropicalis_LSUMZ37841:0.0146029,Otomys_denti_LSUMZ37840:0.0123693)<133>_92.0:0.0244301,(((((((Lemniscomys_striatus_TCD4711:0.0161749,(Arvicanthus_niloticus_MNHN1999201:0.00577466,Arvicanthus_neumanni_FMNH158037:0.00848667)<134>_83.3:0.00843105)<135>_69.4:0.00591302,((Pelomys_minor_FMNH219213:0.00994324,Pelomys_isseli_FMNH137886:0.00993619)<136>_73.6:0.00476919,Mylomys_dybowskii_MNHN1997072:0.0159222)<137>_65.4:0.0044128)<138>_45.6:0.00222611,Rhabdomys_pumilio_MNHN1995065:0.0246268)<139>_73.6:0.00995113,(Dasymys_montanus_FMNH144389:0.00168704,Dasymys_incomtus_LSUMZ37702:0.00378215)<140>_93.8:0.0254282)<141>_30.9:0.00228714,(((Aethomys_hindei_MVZ196257:0.0195623,Aethomys_nyikae_FMNH196708:0.0207929)<142>_73.2:0.0089769,(((Thamnomys_venustus_LSUMZ37935:0.0188672,Thamnomys_kempi_TCD4437:0.0172007)<143>_60.3:0.00437942,Grammomys_dryas_LSUMZ37716:0.0274528)<144>_40.8:0.00276268,Thallomys_paedulcus_FMNH158089:0.0285227)<145>_15.5:0.000816788)<146>_25.9:0.00195265,Micaelemys_namaquensis_MNHN1987009:0.0243129)<147>_18.0:0.00125508)<148>_15.4:0.00111574,(((Stochomys_longicaudatus_MNHN1999459:0.0186021,Dephomys_defua_MNHNR24062:0.015413)<149>_68.6:0.00493321,(Hybomys_univittatus_TCD4026:0.00385843,Hybomys_lunaris_LSUMZ37734:0.00342123)<150>_92.4:0.0241669)<151>_70.1:0.00736114,Hybomys_planifrons_R24117:0.0315323)<152>_39.1:0.00310654)<153>_15.4:0.000934051,Oenomys_hypoxanthus_LSUMZ37838:0.0285956)<154>_58.6:0.00624698)<155>_61.7:0.0064167,Pithecheir_melanurus_LSUMZ38198:0.0361715)<156>_53.9:0.00504179,Vandeleuria_oleracea_ABTC116404:0.0608975)<157>_31.6:0.00282031,((Malacomys_longipes_TCD4253:0.0457405,Apodemus_sylvaticus_SMG3823:0.0633053)<158>_32.8:0.00317101,(((((Myomyscus_verreauxii_MNHN1999102:0.0170719,(Zelotomys_woosnami_TTU-M115260:0.0142067,Colomys_goslingi_TCD4175:0.0104422)<159>_68.9:0.00486009)<160>_62.4:0.00423296,Mastomys_natalensis_T4162:0.0208207)<161>_37.8:0.00176863,(Praomys_jacksoni_REC31:0.0104612,Praomys_degraaffi_TCD4312:0.0116397)<162>_80.3:0.0105175)<163>_53.3:0.00350242,((Hylomyscus_stella_LSUMZ37742:0.0125052,Hylomyscus_vulcanorum_TCD4382:0.013106)<164>_75.9:0.00600982,Heimyscus_fumosus_FMNH167810:0.0186277)<165>_68.8:0.00538564)<166>_86.0:0.0248654,(Mus_pahari_10460X1:0.0333231,((Mus_minutoides_10460X2:0.00940515,Mus_musculoides_LSUMZ37820:0.00971)<167>_92.7:0.0229899,(Mus_platythrix_10460X13:0.0254957,(((Mus_cookii_10460X3:0.00810045,Mus_cervicolor_10460X10:0.00872099)<168>_61.7:0.00293665,Mus_caroli_10460X9:0.0147773)<169>_58.4:0.00308477,((Mus_spretus_10460X4:0.00743511,(Mus_spicilegus_10460X11:0.00584152,Mus_macedonicus_10460X12:0.00323378)<170>_62.5:0.00350905)<171>_37.6:0.00160141,(((Mus_musculus-reference_10460X5:0.00218633,Mus_musculus-musculus_10460X14:0.00195833)<172>_49.7:0.00192808,Mus_musculus-castaneus_10460X7:0.00236629)<173>_49.2:0.0025568,(mm10:0.00157136,Mus_musculus-domesticus_10460X15:0.00299436)<174>_60.9:0.00231076)<175>_60.4:0.00362229)<176>_77.3:0.00857495)<177>_78.8:0.0113581)<178>_36.1:0.00223099)<179>_37.7:0.00244023)<180>_84.3:0.0226038)<181>_40.4:0.0035179)<182>_40.4:0.00462772)<183>_20.9:0.00173056)<184>_38.2:0.00351078)<185>_73.6:0.0160499)<186>:0.0166898)<187>;
1	0.0011926540000000005	36	60	((Lophiomys_imhausi_UM5152:0.0913526,Lophuromys_woosnami_LSUMZ37793:0.0969014)<1>:0.0143161,(((Phloeomys_cumingi_FMNH198472:0.00488693,Phloeomys_pallidus_JEC43:0.00602685)<2>_93.9:0.0247429,((Carpomys_melanurus_FMNH198723:0.014042,Musseromys_anacuao_FMNH209523:0.0148519)<3>_90.1:0.0144553,(Crateromys_heaneyi_KU165014:0.0196026,Batomys_russatus_KU165776:0.0211216)<4>_82.1:0.00982434)<5>_72.6:0.00673681)<6>_83.5:0.0173161,(((((((((rnor6:0.012339115999999999,Rattus_exulans_sample1:0.0123947)<7>_32.6:0.0023039,((Tarsomys_apoensis_KU167148:0.00722373,Limnomys_sibuanus_FMNH147948:0.00710554)<8>_56.9:0.00352638,(Rattus_xanthurus_LSUMZ39196:0.0045968,((((Rattus_villosissimus_sample1:0.00613934,Rattus_colletti_RAT25:0.00230085)<9>_48.8:0.00224717,Rattus_lutreolus_sample2:0.00865102)<10>_26.3:0.00151141,(Rattus_leucopus_sample1:0.00680641,Rattus_praetor_sample1:0.00779691)<11>_16.7:0.00189754)<12>_26.8:0.0018589,Rattus_morotaiensis_ASAM29:0.00427482)<13>_42.1:0.00188302)<14>_42.2:0.00252559)<15>_21.7:0.00217222)<16>_29.8:0.00205525,(Nesokia_indica_ABTC117074:0.0073314,Bandicota_indica_ABTC119185:0.00728978)<17>_75.9:0.00925269)<18>_39.9:0.00336269,((Bunomys_andrewsi_sample1:0.013553385000000001,Bunomys_chrysocomus_JAE4867:0.00683093)<19>_43.4:0.00559423,(Sundamys_annandalei_YS118:0.00782202,Sundamys_muelleri_JAE1283:0.0107324)<20>_57.3:0.00517198)<21>_26.3:0.00191451)<22>_55.5:0.00637769,(Berylmys_bowersi_ABTC116431:0.00173278,Berylmys_mackenziei_ABTC116402:0.00582014)<23>_88.4:0.0192075)<24>_69.4:0.0116669,(Saxatilomys_paulinae_ABTC116266:0.0211161,((((Niviventer_lepturus_JAE4746:0.0125972,(Niviventer_rapit_LSUMZ38196:0.00245659,Niviventer_bukit_LSUMZ38136:0.00174304)<25>_91.0:0.010901)<26>_77.0:0.00804749,Anonymomys_mindorensis_FMNH2222010:0.0142505)<27>_43.1:0.00198782,Leopoldomys_sabanus_Z25191:0.0172506)<28>_49.1:0.00283278,(Margaretamys_parvus_NMVZ21833:0.00653036,Margaretamys_christinae_TMar1:0.00851704)<29>_80.2:0.00746727)<30>_50.8:0.00289283)<31>_70.5:0.00774569)<32>_32.5:0.00217893,(((Paucidentomys_vermidax_Z21914:0.0133425,Echiothrix_centrosa_Z27993:0.0148614)<33>_30.2:0.0014945,(Tateomys_rhinogradoides_Z21785:0.00810942,Tateomys_macrocercus_Z21834:0.010642801)<34>_58.6:0.00440079)<35>_25.6:0.00127349,(Gracilimus_radix_Z08508:0.0090763,Waiomys_mamasae_Z20624:0.00872866)<36>_87.4:0.01481276)<37>_55.2:0.00505906)<38>_71.0:0.0131336,(Maxomys_surifer_JAE3632:0.0202665,(Maxomys_musschenbroekii_sample1:0.020408,(Crunomys_melanius_KU168558:0.00617075,Crunomys_celebensis_Z21894:0.00751685)<39>_88.1:0.013259)<40>_65.2:0.00586096)<41>_79.2:0.0121536)<42>_78.5:0.0211006,(((((((((((Zyzomys_pedunculatus_Z34925:0.00790414,Zyzomys_woodwardi_WAMM21724:0.00998445)<43>_36.5:0.00163262,((Zyzomys_palatalis_ABTC30744:0.00653035,Zyzomys_argurus_ABTC61630:0.00548362)<44>_51.3:0.00234312,Zyzomys_maini_ABTC07900:0.00750918)<45>_47.1:0.00238752)<46>_64.6:0.00789607,((((((Pseudomys_novaehollandiae_ABTC08140:0.00471973,Pseudomys_delicatulus_U1509:0.00516128)<47>_38.3:0.00141792,Pseudomys_hermannsburgensis_ABTC08067:0.0063221)<48>_50.6:0.00533953,Pseudomys_australis_M25541:0.00842429)<49>_19.9:0.0026463,(Pseudomys_fumeus_ABTC08168:0.00902826,(Pseudomys_apodemoides_M16672:0.00437813,Pseudomys_albocinereus_WAMM18855:0.00526016)<50>_74.9:0.00688157)<51>_32.0:0.00206868)<52>_17.5:0.0014352,Pseudomys_occidentalis_ABTC08043:0.0112903)<53>_24.7:0.00153321,((Notomys_alexis_U1308:0.004945623,Notomys_aquilo_M-32455:0.00495849)<54>_66.1:0.00564795,Notomys_cervinus_M22857:0.00973772)<55>_43.3:0.00395378)<56>_45.2:0.004508296)<57>_31.9:0.00216733,(((Uromys_sp-nov_YS380:0.00413714,Uromys_caudimaculatus_DT10Uc01:0.00355024)<58>_82.4:0.00936734,(Solomys_salebrosus_ABTC64864:0.00921667,Melomys_rufescens_ABTC44798:0.00813018)<59>_70.1:0.00687478)<60>_34.0:0.00180104,(((Mesembriomys_macrurus_ABTC7337:0.00768363,Mesembriomys_gouldii_ABTC7449:0.00572483)<61>_68.1:0.00504538,(Conilurus_penicillatus_M14056:0.00975111,Conilurus_albipes_NMV-c7585:0.00932833)<62>_39.8:0.0015932)<63>_44.2:0.00233443,(Leporillus_conditor_ABTC13335:0.0114142,Leporillus_apicalis_C90:0.0122115)<64>_34.3:0.00336182)<65>_52.2:0.00525892)<66>_30.9:0.00185234)<67>_52.2:0.00475519,((Xeromys_myoides_ABTC30709:0.0130651,(Pseudohydromys_pumehanae_ABTC43920:0.00730162,Microhydromys_richardsoni_ANWCM35851:0.00922276)<68>_58.8:0.00317351)<69>_37.4:0.002768057,((Parahydromys_asper_ABTC45798:0.00450704,(Hydromys_sp-nov_YS391:0.00242458,Hydromys_chrysogaster_Z5248:0.00609369)<70>_47.7:0.00169383)<71>_70.7:0.00513981,Crossomys_moncktoni_ABTC46614:0.00535745)<72>_70.2:0.00602911)<73>_70.6:0.00850292)<74>_61.5:0.008698696,Coccymys_ruemmleri_ABTC49489:0.0243119)<75>_28.1:0.00175595,(Hyomys_goliath_ABTC42697:0.0194244,Pogonomys_macrourus_ABTC43144:0.0239554)<76>_26.9:0.003906754)<77>_32.7:0.00207543,((((Chrotomys_whiteheadi_KU168311:0.00425834,Chrotomys_mindorensis_JAE520:0.00323997)<78>_90.1:0.0149437,Rhynchomys_isarogensis_JAE2195:0.0154551)<79>_40.6:0.00136456,Archboldomys_luzonensis_EAR1826:0.0165904)<80>_63.6:0.00445366,Apomys_lubangensis_JAE169:0.0270335)<81>_75.4:0.0115543)<82>_46.0:0.0040258,Haeromys_minahassae_JAE4996:0.0342833)<83>_60.7:0.00721661,Chiropodomys_gliroides_Z25153:0.041576)<84>_63.7:0.0102787,(((((Otomys_tropicalis_LSUMZ37841:0.0146029,Otomys_denti_LSUMZ37840:0.0123693)<85>_92.0:0.0244301,(((((Lemniscomys_striatus_TCD4711:0.0161749,(Arvicanthus_niloticus_MNHN1999201:0.00577466,Arvicanthus_neumanni_FMNH158037:0.00848667)<86>_83.3:0.00843105)<87>_69.4:0.00591302,((Pelomys_minor_FMNH219213:0.00994324,Pelomys_isseli_FMNH137886:0.00993619)<88>_73.6:0.00476919,Mylomys_dybowskii_MNHN1997072:0.0159222)<89>_65.4:0.0044128)<90>_45.6:0.00222611,Rhabdomys_pumilio_MNHN1995065:0.0246268)<91>_73.6:0.00995113,(Dasymys_montanus_FMNH144389:0.00168704,Dasymys_incomtus_LSUMZ37702:0.00378215)<92>_93.8:0.0254282)<93>_30.9:0.0043369310000000005,Oenomys_hypoxanthus_LSUMZ37838:0.0285956)<94>_58.6:0.00624698)<95>_61.7:0.0064167,Pithecheir_melanurus_LSUMZ38198:0.0361715)<96>_53.9:0.00504179,Vandeleuria_oleracea_ABTC116404:0.0608975)<97>_31.6:0.00282031,((Malacomys_longipes_TCD4253:0.0457405,Apodemus_sylvaticus_SMG3823:0.0633053)<98>_32.8:0.00317101,(((((Myomyscus_verreauxii_MNHN1999102:0.0170719,(Zelotomys_woosnami_TTU-M115260:0.0142067,Colomys_goslingi_TCD4175:0.0104422)<99>_68.9:0.00486009)<100>_62.4:0.00423296,Mastomys_natalensis_T4162:0.0208207)<101>_37.8:0.00176863,(Praomys_jacksoni_REC31:0.0104612,Praomys_degraaffi_TCD4312:0.0116397)<102>_80.3:0.0105175)<103>_53.3:0.00350242,((Hylomyscus_stella_LSUMZ37742:0.0125052,Hylomyscus_vulcanorum_TCD4382:0.013106)<104>_75.9:0.00600982,Heimyscus_fumosus_FMNH167810:0.0186277)<105>_68.8:0.00538564)<106>_86.0:0.0248654,(Mus_pahari_10460X1:0.0333231,((Mus_minutoides_10460X2:0.00940515,Mus_musculoides_LSUMZ37820:0.00971)<107>_92.7:0.0229899,(Mus_platythrix_10460X13:0.0254957,(((Mus_cookii_10460X3:0.00810045,Mus_cervicolor_10460X10:0.00872099)<108>_61.7:0.00293665,Mus_caroli_10460X9:0.0147773)<109>_58.4:0.00308477,((Mus_spretus_10460X4:0.00743511,(Mus_spicilegus_10460X11:0.00584152,Mus_macedonicus_10460X12:0.00323378)<110>_62.5:0.00350905)<111>_37.6:0.00160141,(((Mus_musculus-reference_10460X5:0.00218633,Mus_musculus-musculus_10460X14:0.00195833)<112>_49.7:0.00192808,Mus_musculus-castaneus_10460X7:0.00236629)<113>_49.2:0.0025568,(mm10:0.00157136,Mus_musculus-domesticus_10460X15:0.00299436)<114>_60.9:0.00231076)<115>_60.4:0.00362229)<116>_77.3:0.00857495)<117>_78.8:0.0113581)<118>_36.1:0.00223099)<119>_37.7:0.00244023)<120>_84.3:0.0226038)<121>_40.4:0.0035179)<122>_40.4:0.00462772)<123>_20.9:0.00173056)<124>_38.2:0.00351078)<125>_73.6:0.0160499)<126>:0.0166898)<127>;
2	0.001967177	19	24	((Lophiomys_imhausi_UM5152:0.0913526,Lophuromys_woosnami_LSUMZ37793:0.0969014)<1>:0.0143161,(((Phloeomys_cumingi_FMNH198472:0.00488693,Phloeomys_pallidus_JEC43:0.00602685)<2>_93.9:0.0247429,((Carpomys_melanurus_FMNH198723:0.014042,Musseromys_anacuao_FMNH209523:0.0148519)<3>_90.1:0.0144553,(Crateromys_heaneyi_KU165014:0.0196026,Batomys_russatus_KU165776:0.0211216)<4>_82.1:0.00982434)<5>_72.6:0.00673681)<6>_83.5:0.0173161,(((((((((rnor6:0.012339115999999999,Rattus_exulans_sample1:0.0123947)<7>_32.6:0.0023039,((Tarsomys_apoensis_KU167148:0.00722373,Limnomys_sibuanus_FMNH147948:0.00710554)<8>_56.9:0.00352638,(Rattus_xanthurus_LSUMZ39196:0.0045968,Rattus_praetor_sample1:0.01343637)<9>_42.2:0.00252559)<10>_21.7:0.00217222)<11>_29.8:0.00205525,(Nesokia_indica_ABTC117074:0.0073314,Bandicota_indica_ABTC119185:0.00728978)<12>_75.9:0.00925269)<13>_39.9:0.00336269,((Bunomys_andrewsi_sample1:0.013553385000000001,Bunomys_chrysocomus_JAE4867:0.00683093)<14>_43.4:0.00559423,(Sundamys_annandalei_YS118:0.00782202,Sundamys_muelleri_JAE1283:0.0107324)<15>_57.3:0.00517198)<16>_26.3:0.00191451)<17>_55.5:0.00637769,(Berylmys_bowersi_ABTC116431:0.00173278,Berylmys_mackenziei_ABTC116402:0.00582014)<18>_88.4:0.0192075)<19>_69.4:0.0116669,(Saxatilomys_paulinae_ABTC116266:0.0211161,((((Niviventer_lepturus_JAE4746:0.0125972,(Niviventer_rapit_LSUMZ38196:0.00245659,Niviventer_bukit_LSUMZ38136:0.00174304)<20>_91.0:0.010901)<21>_77.0:0.00804749,Anonymomys_mindorensis_FMNH2222010:0.0142505)<22>_43.1:0.00198782,Leopoldomys_sabanus_Z25191:0.0172506)<23>_49.1:0.00283278,(Margaretamys_parvus_NMVZ21833:0.00653036,Margaretamys_christinae_TMar1:0.00851704)<24>_80.2:0.00746727)<25>_50.8:0.00289283)<26>_70.5:0.00774569)<27>_32.5:0.00217893,((Tateomys_rhinogradoides_Z21785:0.00810942,Tateomys_macrocercus_Z21834:0.010642801)<28>_58.6:0.00567428,(Gracilimus_radix_Z08508:0.0090763,Waiomys_mamasae_Z20624:0.00872866)<29>_87.4:0.01481276)<30>_55.2:0.00505906)<31>_71.0:0.0131336,(Maxomys_surifer_JAE3632:0.0202665,(Maxomys_musschenbroekii_sample1:0.020408,(Crunomys_melanius_KU168558:0.00617075,Crunomys_celebensis_Z21894:0.00751685)<32>_88.1:0.013259)<33>_65.2:0.00586096)<34>_79.2:0.0121536)<35>_78.5:0.0211006,(((((((((Zyzomys_woodwardi_WAMM21724:0.01161707,((Zyzomys_palatalis_ABTC30744:0.00653035,Zyzomys_argurus_ABTC61630:0.00548362)<36>_51.3:0.00234312,Zyzomys_maini_ABTC07900:0.00750918)<37>_47.1:0.00238752)<38>_64.6:0.00789607,(((Pseudomys_delicatulus_U1509:0.0065792,Pseudomys_hermannsburgensis_ABTC08067:0.0063221)<39>_50.6:0.00533953,Pseudomys_australis_M25541:0.00842429)<40>_19.9:0.00561471,((Notomys_alexis_U1308:0.004945623,Notomys_aquilo_M-32455:0.00495849)<41>_66.1:0.00564795,Notomys_cervinus_M22857:0.00973772)<42>_43.3:0.00395378)<43>_45.2:0.004508296)<44>_31.9:0.00216733,(((Mesembriomys_macrurus_ABTC7337:0.00768363,Mesembriomys_gouldii_ABTC7449:0.00572483)<45>_68.1:0.00504538,Conilurus_albipes_NMV-c7585:0.010921529999999999)<46>_44.2:0.00233443,(Leporillus_conditor_ABTC13335:0.0114142,Leporillus_apicalis_C90:0.0122115)<47>_34.3:0.00336182)<48>_52.2:0.00711126)<49>_52.2:0.00475519,((Xeromys_myoides_ABTC30709:0.0130651,(Pseudohydromys_pumehanae_ABTC43920:0.00730162,Microhydromys_richardsoni_ANWCM35851:0.00922276)<50>_58.8:0.00317351)<51>_37.4:0.002768057,((Parahydromys_asper_ABTC45798:0.00450704,Hydromys_chrysogaster_Z5248:0.007787519999999999)<52>_70.7:0.00513981,Crossomys_moncktoni_ABTC46614:0.00535745)<53>_70.2:0.00602911)<54>_70.6:0.00850292)<55>_61.5:0.010454646000000001,(Hyomys_goliath_ABTC42697:0.0194244,Pogonomys_macrourus_ABTC43144:0.0239554)<56>_26.9:0.003906754)<57>_32.7:0.00207543,(((Chrotomys_whiteheadi_KU168311:0.00425834,Chrotomys_mindorensis_JAE520:0.00323997)<58>_90.1:0.01630826,Archboldomys_luzonensis_EAR1826:0.0165904)<59>_63.6:0.00445366,Apomys_lubangensis_JAE169:0.0270335)<60>_75.4:0.0115543)<61>_46.0:0.0040258,Haeromys_minahassae_JAE4996:0.0342833)<62>_60.7:0.00721661,Chiropodomys_gliroides_Z25153:0.041576)<63>_63.7:0.0102787,(((((Otomys_tropicalis_LSUMZ37841:0.0146029,Otomys_denti_LSUMZ37840:0.0123693)<64>_92.0:0.0244301,(((((Lemniscomys_striatus_TCD4711:0.0161749,(Arvicanthus_niloticus_MNHN1999201:0.00577466,Arvicanthus_neumanni_FMNH158037:0.00848667)<65>_83.3:0.00843105)<66>_69.4:0.00591302,((Pelomys_minor_FMNH219213:0.00994324,Pelomys_isseli_FMNH137886:0.00993619)<67>_73.6:0.00476919,Mylomys_dybowskii_MNHN1997072:0.0159222)<68>_65.4:0.0044128)<69>_45.6:0.00222611,Rhabdomys_pumilio_MNHN1995065:0.0246268)<70>_73.6:0.00995113,(Dasymys_montanus_FMNH144389:0.00168704,Dasymys_incomtus_LSUMZ37702:0.00378215)<71>_93.8:0.0254282)<72>_30.9:0.0043369310000000005,Oenomys_hypoxanthus_LSUMZ37838:0.0285956)<73>_58.6:0.00624698)<74>_61.7:0.0064167,Pithecheir_melanurus_LSUMZ38198:0.0361715)<75>_53.9:0.00504179,Vandeleuria_oleracea_ABTC116404:0.0608975)<76>_31.6:0.00282031,((Malacomys_longipes_TCD4253:0.0457405,Apodemus_sylvaticus_SMG3823:0.0633053)<77>_32.8:0.00317101,((((Myomyscus_verreauxii_MNHN1999102:0.0170719,(Zelotomys_woosnami_TTU-M115260:0.0142067,Colomys_goslingi_TCD4175:0.0104422)<78>_68.9:0.00486009)<79>_62.4:0.00600159,(Praomys_jacksoni_REC31:0.0104612,Praomys_degraaffi_TCD4312:0.0116397)<80>_80.3:0.0105175)<81>_53.3:0.00350242,((Hylomyscus_stella_LSUMZ37742:0.0125052,Hylomyscus_vulcanorum_TCD4382:0.013106)<82>_75.9:0.00600982,Heimyscus_fumosus_FMNH167810:0.0186277)<83>_68.8:0.00538564)<84>_86.0:0.0248654,(Mus_pahari_10460X1:0.0333231,((Mus_minutoides_10460X2:0.00940515,Mus_musculoides_LSUMZ37820:0.00971)<85>_92.7:0.0229899,(Mus_platythrix_10460X13:0.0254957,(((Mus_cookii_10460X3:0.00810045,Mus_cervicolor_10460X10:0.00872099)<86>_61.7:0.00293665,Mus_caroli_10460X9:0.0147773)<87>_58.4:0.00308477,((Mus_spicilegus_10460X11:0.00584152,Mus_macedonicus_10460X12:0.00323378)<88>_62.5:0.00511046,((Mus_musculus-musculus_10460X14:0.00388641,Mus_musculus-castaneus_10460X7:0.00236629)<89>_49.2:0.0025568,(mm10:0.00157136,Mus_musculus-domesticus_10460X15:0.00299436)<90>_60.9:0.00231076)<91>_60.4:0.00362229)<92>_77.3:0.00857495)<93>_78.8:0.0113581)<94>_36.1:0.00223099)<95>_37.7:0.00244023)<96>_84.3:0.0226038)<97>_40.4:0.0035179)<98>_40.4:0.00462772)<99>_20.9:0.00173056)<100>_38.2:0.00351078)<101>_73.6:0.0160499)<102>:0.0166898)<103>;
3	0.00244841	9	15	((Lophiomys_imhausi_UM5152:0.0913526,Lophuromys_woosnami_LSUMZ37793:0.0969014)<1>:0.0143161,(((Phloeomys_cumingi_FMNH198472:0.00488693,Phloeomys_pallidus_JEC43:0.00602685)<2>_93.9:0.0247429,((Carpomys_melanurus_FMNH198723:0.014042,Musseromys_anacuao_FMNH209523:0.0148519)<3>_90.1:0.0144553,(Crateromys_heaneyi_KU165014:0.0196026,Batomys_russatus_KU165776:0.0211216)<4>_82.1:0.00982434)<5>_72.6:0.00673681)<6>_83.5:0.0173161,((((((((rnor6:0.014643015999999998,((Tarsomys_apoensis_KU167148:0.00722373,Limnomys_sibuanus_FMNH147948:0.00710554)<7>_56.9:0.00352638,(Rattus_xanthurus_LSUMZ39196:0.0045968,Rattus_praetor_sample1:0.01343637)<8>_42.2:0.00252559)<9>_21.7:0.00217222)<10>_29.8:0.00205525,(Nesokia_indica_ABTC117074:0.0073314,Bandicota_indica_ABTC119185:0.00728978)<11>_75.9:0.00925269)<12>_39.9:0.00336269,((Bunomys_andrewsi_sample1:0.013553385000000001,Bunomys_chrysocomus_JAE4867:0.00683093)<13>_43.4:0.00559423,(Sundamys_annandalei_YS118:0.00782202,Sundamys_muelleri_JAE1283:0.0107324)<14>_57.3:0.00517198)<15>_26.3:0.00191451)<16>_55.5:0.00637769,(Berylmys_bowersi_ABTC116431:0.00173278,Berylmys_mackenziei_ABTC116402:0.00582014)<17>_88.4:0.0192075)<18>_69.4:0.0116669,(Saxatilomys_paulinae_ABTC116266:0.0211161,(((Niviventer_lepturus_JAE4746:0.0125972,(Niviventer_rapit_LSUMZ38196:0.00245659,Niviventer_bukit_LSUMZ38136:0.00174304)<19>_91.0:0.010901)<20>_77.0:0.010035309999999999,Leopoldomys_sabanus_Z25191:0.0172506)<21>_49.1:0.00283278,(Margaretamys_parvus_NMVZ21833:0.00653036,Margaretamys_christinae_TMar1:0.00851704)<22>_80.2:0.00746727)<23>_50.8:0.00289283)<24>_70.5:0.00774569)<25>_32.5:0.00217893,((Tateomys_rhinogradoides_Z21785:0.00810942,Tateomys_macrocercus_Z21834:0.010642801)<26>_58.6:0.00567428,(Gracilimus_radix_Z08508:0.0090763,Waiomys_mamasae_Z20624:0.00872866)<27>_87.4:0.01481276)<28>_55.2:0.00505906)<29>_71.0:0.0131336,(Maxomys_surifer_JAE3632:0.0202665,(Maxomys_musschenbroekii_sample1:0.020408,(Crunomys_melanius_KU168558:0.00617075,Crunomys_celebensis_Z21894:0.00751685)<30>_88.1:0.013259)<31>_65.2:0.00586096)<32>_79.2:0.0121536)<33>_78.5:0.0211006,(((((((((Pseudomys_delicatulus_U1509:0.0065792,Pseudomys_hermannsburgensis_ABTC08067:0.0063221)<34>_50.6:0.00533953,Pseudomys_australis_M25541:0.00842429)<35>_19.9:0.00561471,((Notomys_alexis_U1308:0.004945623,Notomys_aquilo_M-32455:0.00495849)<36>_66.1:0.00564795,Notomys_cervinus_M22857:0.00973772)<37>_43.3:0.00395378)<38>_45.2:0.0066756260000000005,((Mesembriomys_macrurus_ABTC7337:0.00768363,Mesembriomys_gouldii_ABTC7449:0.00572483)<39>_68.1:0.0073798100000000005,(Leporillus_conditor_ABTC13335:0.0114142,Leporillus_apicalis_C90:0.0122115)<40>_34.3:0.00336182)<41>_52.2:0.00711126)<42>_52.2:0.00475519,((Xeromys_myoides_ABTC30709:0.0130651,(Pseudohydromys_pumehanae_ABTC43920:0.00730162,Microhydromys_richardsoni_ANWCM35851:0.00922276)<43>_58.8:0.00317351)<44>_37.4:0.002768057,((Parahydromys_asper_ABTC45798:0.00450704,Hydromys_chrysogaster_Z5248:0.007787519999999999)<45>_70.7:0.00513981,Crossomys_moncktoni_ABTC46614:0.00535745)<46>_70.2:0.00602911)<47>_70.6:0.00850292)<48>_61.5:0.012530076000000001,(((Chrotomys_whiteheadi_KU168311:0.00425834,Chrotomys_mindorensis_JAE520:0.00323997)<49>_90.1:0.01630826,Archboldomys_luzonensis_EAR1826:0.0165904)<50>_63.6:0.00445366,Apomys_lubangensis_JAE169:0.0270335)<51>_75.4:0.0115543)<52>_46.0:0.0040258,Haeromys_minahassae_JAE4996:0.0342833)<53>_60.7:0.00721661,Chiropodomys_gliroides_Z25153:0.041576)<54>_63.7:0.0102787,(((((Otomys_tropicalis_LSUMZ37841:0.0146029,Otomys_denti_LSUMZ37840:0.0123693)<55>_92.0:0.0244301,(((((Pelomys_minor_FMNH219213:0.00994324,Pelomys_isseli_FMNH137886:0.00993619)<56>_73.6:0.00476919,Mylomys_dybowskii_MNHN1997072:0.0159222)<57>_65.4:0.00663891,Rhabdomys_pumilio_MNHN1995065:0.0246268)<58>_73.6:0.00995113,(Dasymys_montanus_FMNH144389:0.00168704,Dasymys_incomtus_LSUMZ37702:0.00378215)<59>_93.8:0.0254282)<60>_30.9:0.0043369310000000005,Oenomys_hypoxanthus_LSUMZ37838:0.0285956)<61>_58.6:0.00624698)<62>_61.7:0.0064167,Pithecheir_melanurus_LSUMZ38198:0.0361715)<63>_53.9:0.00504179,Vandeleuria_oleracea_ABTC116404:0.0608975)<64>_31.6:0.00282031,((Malacomys_longipes_TCD4253:0.0457405,Apodemus_sylvaticus_SMG3823:0.0633053)<65>_32.8:0.00317101,((((Myomyscus_verreauxii_MNHN1999102:0.0170719,(Zelotomys_woosnami_TTU-M115260:0.0142067,Colomys_goslingi_TCD4175:0.0104422)<66>_68.9:0.00486009)<67>_62.4:0.00600159,(Praomys_jacksoni_REC31:0.0104612,Praomys_degraaffi_TCD4312:0.0116397)<68>_80.3:0.0105175)<69>_53.3:0.00350242,((Hylomyscus_stella_LSUMZ37742:0.0125052,Hylomyscus_vulcanorum_TCD4382:0.013106)<70>_75.9:0.00600982,Heimyscus_fumosus_FMNH167810:0.0186277)<71>_68.8:0.00538564)<72>_86.0:0.0248654,(Mus_pahari_10460X1:0.0333231,(((Mus_cookii_10460X3:0.00810045,Mus_cervicolor_10460X10:0.00872099)<73>_61.7:0.00293665,Mus_caroli_10460X9:0.0147773)<74>_58.4:0.00308477,((Mus_spicilegus_10460X11:0.00584152,Mus_macedonicus_10460X12:0.00323378)<75>_62.5:0.00511046,((Mus_musculus-musculus_10460X14:0.00388641,Mus_musculus-castaneus_10460X7:0.00236629)<76>_49.2:0.0025568,(mm10:0.00157136,Mus_musculus-domesticus_10460X15:0.00299436)<77>_60.9:0.00231076)<78>_60.4:0.00362229)<79>_77.3:0.00857495)<80>_78.8:0.01602932)<81>_84.3:0.0226038)<82>_40.4:0.0035179)<83>_40.4:0.00462772)<84>_20.9:0.00173056)<85>_38.2:0.00351078)<86>_73.6:0.0160499)<87>:0.0166898)<88>;
4	0.00291474	5	5	((Lophiomys_imhausi_UM5152:0.0913526,Lophuromys_woosnami_LSUMZ37793:0.0969014)<1>:0.0143161,(((Phloeomys_cumingi_FMNH198472:0.00488693,Phloeomys_pallidus_JEC43:0.00602685)<2>_93.9:0.0247429,((Carpomys_melanurus_FMNH198723:0.014042,Musseromys_anacuao_FMNH209523:0.0148519)<3>_90.1:0.0144553,(Crateromys_heaneyi_KU165014:0.0196026,Batomys_russatus_KU165776:0.0211216)<4>_82.1:0.00982434)<5>_72.6:0.00673681)<6>_83.5:0.0173161,((((((((rnor6:0.014643015999999998,((Tarsomys_apoensis_KU167148:0.00722373,Limnomys_sibuanus_FMNH147948:0.00710554)<7>_56.9:0.00352638,Rattus_praetor_sample1:0.01596196)<8>_21.7:0.00217222)<9>_29.8:0.00205525,(Nesokia_indica_ABTC117074:0.0073314,Bandicota_indica_ABTC119185:0.00728978)<10>_75.9:0.00925269)<11>_39.9:0.00336269,((Bunomys_andrewsi_sample1:0.013553385000000001,Bunomys_chrysocomus_JAE4867:0.00683093)<12>_43.4:0.00559423,(Sundamys_annandalei_YS118:0.00782202,Sundamys_muelleri_JAE1283:0.0107324)<13>_57.3:0.00517198)<14>_26.3:0.00191451)<15>_55.5:0.00637769,(Berylmys_bowersi_ABTC116431:0.00173278,Berylmys_mackenziei_ABTC116402:0.00582014)<16>_88.4:0.0192075)<17>_69.4:0.0116669,(Saxatilomys_paulinae_ABTC116266:0.0211161,((Niviventer_lepturus_JAE4746:0.0125972,(Niviventer_rapit_LSUMZ38196:0.00245659,Niviventer_bukit_LSUMZ38136:0.00174304)<18>_91.0:0.010901)<19>_77.0:0.012868089999999999,(Margaretamys_parvus_NMVZ21833:0.00653036,Margaretamys_christinae_TMar1:0.00851704)<20>_80.2:0.00746727)<21>_50.8:0.00289283)<22>_70.5:0.00774569)<23>_32.5:0.00217893,((Tateomys_rhinogradoides_Z21785:0.00810942,Tateomys_macrocercus_Z21834:0.010642801)<24>_58.6:0.00567428,(Gracilimus_radix_Z08508:0.0090763,Waiomys_mamasae_Z20624:0.00872866)<25>_87.4:0.01481276)<26>_55.2:0.00505906)<27>_71.0:0.0131336,(Maxomys_surifer_JAE3632:0.0202665,(Maxomys_musschenbroekii_sample1:0.020408,(Crunomys_melanius_KU168558:0.00617075,Crunomys_celebensis_Z21894:0.00751685)<28>_88.1:0.013259)<29>_65.2:0.00586096)<30>_79.2:0.0121536)<31>_78.5:0.0211006,(((((((((Pseudomys_delicatulus_U1509:0.0065792,Pseudomys_hermannsburgensis_ABTC08067:0.0063221)<32>_50.6:0.00533953,Pseudomys_australis_M25541:0.00842429)<33>_19.9:0.00561471,((Notomys_alexis_U1308:0.004945623,Notomys_aquilo_M-32455:0.00495849)<34>_66.1:0.00564795,Notomys_cervinus_M22857:0.00973772)<35>_43.3:0.00395378)<36>_45.2:0.0066756260000000005,((Mesembriomys_macrurus_ABTC7337:0.00768363,Mesembriomys_gouldii_ABTC7449:0.00572483)<37>_68.1:0.0073798100000000005,(Leporillus_conditor_ABTC13335:0.0114142,Leporillus_apicalis_C90:0.0122115)<38>_34.3:0.00336182)<39>_52.2:0.00711126)<40>_52.2:0.00475519,((Pseudohydromys_pumehanae_ABTC43920:0.00730162,Microhydromys_richardsoni_ANWCM35851:0.00922276)<41>_58.8:0.005941567,((Parahydromys_asper_ABTC45798:0.00450704,Hydromys_chrysogaster_Z5248:0.007787519999999999)<42>_70.7:0.00513981,Crossomys_moncktoni_ABTC46614:0.00535745)<43>_70.2:0.00602911)<44>_70.6:0.00850292)<45>_61.5:0.012530076000000001,(((Chrotomys_whiteheadi_KU168311:0.00425834,Chrotomys_mindorensis_JAE520:0.00323997)<46>_90.1:0.01630826,Archboldomys_luzonensis_EAR1826:0.0165904)<47>_63.6:0.00445366,Apomys_lubangensis_JAE169:0.0270335)<48>_75.4:0.0115543)<49>_46.0:0.0040258,Haeromys_minahassae_JAE4996:0.0342833)<50>_60.7:0.00721661,Chiropodomys_gliroides_Z25153:0.041576)<51>_63.7:0.0102787,((((Otomys_tropicalis_LSUMZ37841:0.0146029,Otomys_denti_LSUMZ37840:0.0123693)<52>_92.0:0.0244301,(((((Pelomys_minor_FMNH219213:0.00994324,Pelomys_isseli_FMNH137886:0.00993619)<53>_73.6:0.00476919,Mylomys_dybowskii_MNHN1997072:0.0159222)<54>_65.4:0.00663891,Rhabdomys_pumilio_MNHN1995065:0.0246268)<55>_73.6:0.00995113,(Dasymys_montanus_FMNH144389:0.00168704,Dasymys_incomtus_LSUMZ37702:0.00378215)<56>_93.8:0.0254282)<57>_30.9:0.0043369310000000005,Oenomys_hypoxanthus_LSUMZ37838:0.0285956)<58>_58.6:0.00624698)<59>_61.7:0.0064167,Pithecheir_melanurus_LSUMZ38198:0.0361715)<60>_53.9:0.0078621,((Malacomys_longipes_TCD4253:0.0457405,Apodemus_sylvaticus_SMG3823:0.0633053)<61>_32.8:0.00317101,((((Myomyscus_verreauxii_MNHN1999102:0.0170719,(Zelotomys_woosnami_TTU-M115260:0.0142067,Colomys_goslingi_TCD4175:0.0104422)<62>_68.9:0.00486009)<63>_62.4:0.00600159,(Praomys_jacksoni_REC31:0.0104612,Praomys_degraaffi_TCD4312:0.0116397)<64>_80.3:0.0105175)<65>_53.3:0.00350242,((Hylomyscus_stella_LSUMZ37742:0.0125052,Hylomyscus_vulcanorum_TCD4382:0.013106)<66>_75.9:0.00600982,Heimyscus_fumosus_FMNH167810:0.0186277)<67>_68.8:0.00538564)<68>_86.0:0.0248654,(Mus_pahari_10460X1:0.0333231,(((Mus_cookii_10460X3:0.00810045,Mus_cervicolor_10460X10:0.00872099)<69>_61.7:0.00293665,Mus_caroli_10460X9:0.0147773)<70>_58.4:0.00308477,((Mus_spicilegus_10460X11:0.00584152,Mus_macedonicus_10460X12:0.00323378)<71>_62.5:0.00511046,(Mus_musculus-castaneus_10460X7:0.00492309,(mm10:0.00157136,Mus_musculus-domesticus_10460X15:0.00299436)<72>_60.9:0.00231076)<73>_60.4:0.00362229)<74>_77.3:0.00857495)<75>_78.8:0.01602932)<76>_84.3:0.0226038)<77>_40.4:0.0035179)<78>_40.4:0.00462772)<79>_20.9:0.00173056)<80>_38.2:0.00351078)<81>_73.6:0.0160499)<82>:0.0166898)<83>;
5	0.003236875	1	1	((Lophiomys_imhausi_UM5152:0.0913526,Lophuromys_woosnami_LSUMZ37793:0.0969014)<1>:0.0143161,(((Phloeomys_cumingi_FMNH198472:0.00488693,Phloeomys_pallidus_JEC43:0.00602685)<2>_93.9:0.0247429,((Carpomys_melanurus_FMNH198723:0.014042,Musseromys_anacuao_FMNH209523:0.0148519)<3>_90.1:0.0144553,(Crateromys_heaneyi_KU165014:0.0196026,Batomys_russatus_KU165776:0.0211216)<4>_82.1:0.00982434)<5>_72.6:0.00673681)<6>_83.5:0.0173161,((((((((rnor6:0.014643015999999998,((Tarsomys_apoensis_KU167148:0.00722373,Limnomys_sibuanus_FMNH147948:0.00710554)<7>_56.9:0.00352638,Rattus_praetor_sample1:0.01596196)<8>_21.7:0.00217222)<9>_29.8:0.00205525,(Nesokia_indica_ABTC117074:0.0073314,Bandicota_indica_ABTC119185:0.00728978)<10>_75.9:0.00925269)<11>_39.9:0.00336269,((Bunomys_andrewsi_sample1:0.013553385000000001,Bunomys_chrysocomus_JAE4867:0.00683093)<12>_43.4:0.00559423,(Sundamys_annandalei_YS118:0.00782202,Sundamys_muelleri_JAE1283:0.0107324)<13>_57.3:0.00517198)<14>_26.3:0.00191451)<15>_55.5:0.00637769,(Berylmys_bowersi_ABTC116431:0.00173278,Berylmys_mackenziei_ABTC116402:0.00582014)<16>_88.4:0.0192075)<17>_69.4:0.0116669,(Saxatilomys_paulinae_ABTC116266:0.0211161,((Niviventer_lepturus_JAE4746:0.0125972,(Niviventer_rapit_LSUMZ38196:0.00245659,Niviventer_bukit_LSUMZ38136:0.00174304)<18>_91.0:0.010901)<19>_77.0:0.012868089999999999,(Margaretamys_parvus_NMVZ21833:0.00653036,Margaretamys_christinae_TMar1:0.00851704)<20>_80.2:0.00746727)<21>_50.8:0.00289283)<22>_70.5:0.00774569)<23>_32.5:0.00217893,((Tateomys_rhinogradoides_Z21785:0.00810942,Tateomys_macrocercus_Z21834:0.010642801)<24>_58.6:0.00567428,(Gracilimus_radix_Z08508:0.0090763,Waiomys_mamasae_Z20624:0.00872866)<25>_87.4:0.01481276)<26>_55.2:0.00505906)<27>_71.0:0.0131336,(Maxomys_surifer_JAE3632:0.0202665,(Maxomys_musschenbroekii_sample1:0.020408,(Crunomys_melanius_KU168558:0.00617075,Crunomys_celebensis_Z21894:0.00751685)<28>_88.1:0.013259)<29>_65.2:0.00586096)<30>_79.2:0.0121536)<31>_78.5:0.0211006,(((((((((Pseudomys_delicatulus_U1509:0.0065792,Pseudomys_hermannsburgensis_ABTC08067:0.0063221)<32>_50.6:0.00533953,Pseudomys_australis_M25541:0.00842429)<33>_19.9:0.00561471,((Notomys_alexis_U1308:0.004945623,Notomys_aquilo_M-32455:0.00495849)<34>_66.1:0.00564795,Notomys_cervinus_M22857:0.00973772)<35>_43.3:0.00395378)<36>_45.2:0.0066756260000000005,((Mesembriomys_macrurus_ABTC7337:0.00768363,Mesembriomys_gouldii_ABTC7449:0.00572483)<37>_68.1:0.0073798100000000005,(Leporillus_conditor_ABTC13335:0.0114142,Leporillus_apicalis_C90:0.0122115)<38>_34.3:0.00336182)<39>_52.2:0.00711126)<40>_52.2:0.00475519,((Pseudohydromys_pumehanae_ABTC43920:0.00730162,Microhydromys_richardsoni_ANWCM35851:0.00922276)<41>_58.8:0.005941567,((Parahydromys_asper_ABTC45798:0.00450704,Hydromys_chrysogaster_Z5248:0.007787519999999999)<42>_70.7:0.00513981,Crossomys_moncktoni_ABTC46614:0.00535745)<43>_70.2:0.00602911)<44>_70.6:0.00850292)<45>_61.5:0.012530076000000001,(((Chrotomys_whiteheadi_KU168311:0.00425834,Chrotomys_mindorensis_JAE520:0.00323997)<46>_90.1:0.01630826,Archboldomys_luzonensis_EAR1826:0.0165904)<47>_63.6:0.00445366,Apomys_lubangensis_JAE169:0.0270335)<48>_75.4:0.0115543)<49>_46.0:0.0040258,Haeromys_minahassae_JAE4996:0.0342833)<50>_60.7:0.00721661,Chiropodomys_gliroides_Z25153:0.041576)<51>_63.7:0.0102787,((((Otomys_tropicalis_LSUMZ37841:0.0146029,Otomys_denti_LSUMZ37840:0.0123693)<52>_92.0:0.0244301,(((((Pelomys_minor_FMNH219213:0.00994324,Pelomys_isseli_FMNH137886:0.00993619)<53>_73.6:0.00476919,Mylomys_dybowskii_MNHN1997072:0.0159222)<54>_65.4:0.00663891,Rhabdomys_pumilio_MNHN1995065:0.0246268)<55>_73.6:0.00995113,(Dasymys_montanus_FMNH144389:0.00168704,Dasymys_incomtus_LSUMZ37702:0.00378215)<56>_93.8:0.0254282)<57>_30.9:0.0043369310000000005,Oenomys_hypoxanthus_LSUMZ37838:0.0285956)<58>_58.6:0.00624698)<59>_61.7:0.0064167,Pithecheir_melanurus_LSUMZ38198:0.0361715)<60>_53.9:0.0078621,(Apodemus_sylvaticus_SMG3823:0.06647631,((((Myomyscus_verreauxii_MNHN1999102:0.0170719,(Zelotomys_woosnami_TTU-M115260:0.0142067,Colomys_goslingi_TCD4175:0.0104422)<61>_68.9:0.00486009)<62>_62.4:0.00600159,(Praomys_jacksoni_REC31:0.0104612,Praomys_degraaffi_TCD4312:0.0116397)<63>_80.3:0.0105175)<64>_53.3:0.00350242,((Hylomyscus_stella_LSUMZ37742:0.0125052,Hylomyscus_vulcanorum_TCD4382:0.013106)<65>_75.9:0.00600982,Heimyscus_fumosus_FMNH167810:0.0186277)<66>_68.8:0.00538564)<67>_86.0:0.0248654,(Mus_pahari_10460X1:0.0333231,(((Mus_cookii_10460X3:0.00810045,Mus_cervicolor_10460X10:0.00872099)<68>_61.7:0.00293665,Mus_caroli_10460X9:0.0147773)<69>_58.4:0.00308477,((Mus_spicilegus_10460X11:0.00584152,Mus_macedonicus_10460X12:0.00323378)<70>_62.5:0.00511046,(Mus_musculus-castaneus_10460X7:0.00492309,(mm10:0.00157136,Mus_musculus-domesticus_10460X15:0.00299436)<71>_60.9:0.00231076)<72>_60.4:0.00362229)<73>_77.3:0.00857495)<74>_78.8:0.01602932)<75>_84.3:0.0226038)<76>_40.4:0.0035179)<77>_40.4:0.00462772)<78>_20.9:0.00173056)<79>_38.2:0.00351078)<80>_73.6:0.0160499)<81>:0.0166898)<82>;
# 11.18.2021  08:35:56  Writing summary stats to log  Success                                                     12.72974            0.01775         25.55859                 5485.52344          
# ===============================================================================================================================================================================
#
# Done!
#
# Pared 70 total branches and removed 105 total tips.
#
# The date and time at the end is: 11.18.2021 | 08:35:56
# Total execution time:            12.732 seconds.
# Output directory for this run:   min-spec-paring-concat-exempt-2
# Log file for this run:           min-spec-paring-concat-exempt-2/min-spec-paring-concat-exempt-2.log
# ===============================================================================================================================================================================
#
